org.openqa.selenium.remote.UnreachableBrowserException: Error communicating with the remote browser. It may have died.
Build info: version: '4.5.0', revision: 'fe167b119a'
System info: os.name: 'Windows 10', os.arch: 'amd64', os.version: '10.0', java.version: '17.0.6'
Driver info: org.openqa.selenium.chrome.ChromeDriver
Command: [fd73be0d90cfe48c76b2ec86b52569d4, get {url=https://staging.mazaady.com/login}]
Capabilities {acceptInsecureCerts: true, browserName: chrome, browserVersion: 111.0.5563.66, chrome: {chromedriverVersion: 111.0.5563.64 (c710e93d5b63..., userDataDir: C:\Users\VISTAF~1\AppData\L...}, goog:chromeOptions: {debuggerAddress: localhost:62159}, networkConnectionEnabled: false, pageLoadStrategy: eager, platformName: WINDOWS, proxy: Proxy(), se:cdp: ws://localhost:62159/devtoo..., se:cdpVersion: 111.0.5563.66, setWindowRect: true, strictFileInteractability: false, timeouts: {implicit: 0, pageLoad: 30000, script: 30000}, unhandledPromptBehavior: accept and notify, webauthn:extension:credBlob: true, webauthn:extension:largeBlob: true, webauthn:extension:minPinLength: true, webauthn:extension:prf: true, webauthn:virtualAuthenticators: true}
Session ID: fd73be0d90cfe48c76b2ec86b52569d4
 org.openqa.selenium.remote.RemoteWebDriver.execute(RemoteWebDriver.java:567)
 org.openqa.selenium.remote.RemoteWebDriver.get(RemoteWebDriver.java:297)
 org.openqa.selenium.remote.RemoteWebDriver$RemoteNavigation.to(RemoteWebDriver.java:983)
 io.github.shafthq.shaft.gui.browser.BrowserActionsHelpers.navigateToNewURL(BrowserActionsHelpers.java:132)
 com.shaft.gui.browser.BrowserActions.navigateToURL(BrowserActions.java:272)
 com.shaft.gui.browser.BrowserActions.navigateToURL(BrowserActions.java:213)
 io.github.shafthq.shaft.gui.browser.FluentBrowserActions.navigateToURL(FluentBrowserActions.java:108)
 TestPackage.TestBase.SetupDriver(TestBase.java:17)
 java.base/jdk.internal.reflect.NativeMethodAccessorImpl.invoke0(Native Method)
 java.base/jdk.internal.reflect.NativeMethodAccessorImpl.invoke(NativeMethodAccessorImpl.java:77)
 java.base/jdk.internal.reflect.DelegatingMethodAccessorImpl.invoke(DelegatingMethodAccessorImpl.java:43)
 java.base/java.lang.reflect.Method.invoke(Method.java:568)
 org.testng.internal.invokers.MethodInvocationHelper.invokeMethod(MethodInvocationHelper.java:139)
 org.testng.internal.invokers.MethodInvocationHelper.invokeMethodConsideringTimeout(MethodInvocationHelper.java:69)
 org.testng.internal.invokers.ConfigInvoker.invokeConfigurationMethod(ConfigInvoker.java:361)
 org.testng.internal.invokers.ConfigInvoker.invokeConfigurations(ConfigInvoker.java:296)
 org.testng.SuiteRunner.privateRun(SuiteRunner.java:376)
 org.testng.SuiteRunner.run(SuiteRunner.java:330)
 org.testng.SuiteRunnerWorker.runSuite(SuiteRunnerWorker.java:52)
 org.testng.SuiteRunnerWorker.run(SuiteRunnerWorker.java:95)
 org.testng.TestNG.runSuitesSequentially(TestNG.java:1256)
 org.testng.TestNG.runSuitesLocally(TestNG.java:1176)
 org.testng.TestNG.runSuites(TestNG.java:1099)
 org.testng.TestNG.run(TestNG.java:1067)
 com.intellij.rt.testng.IDEARemoteTestNG.run(IDEARemoteTestNG.java:66)
 com.intellij.rt.testng.RemoteTestNGStarter.main(RemoteTestNGStarter.java:109)

Caused by: java.io.UncheckedIOException: java.io.IOException: HTTP/1.1 header parser received no bytes
 org.openqa.selenium.remote.http.jdk.JdkHttpClient.execute(JdkHttpClient.java:240)
 org.openqa.selenium.remote.HttpCommandExecutor.execute(HttpCommandExecutor.java:181)
 org.openqa.selenium.remote.service.DriverCommandExecutor.invokeExecute(DriverCommandExecutor.java:167)
 org.openqa.selenium.remote.service.DriverCommandExecutor.execute(DriverCommandExecutor.java:142)
 org.openqa.selenium.remote.RemoteWebDriver.execute(RemoteWebDriver.java:543)
 org.openqa.selenium.remote.RemoteWebDriver.get(RemoteWebDriver.java:297)
 org.openqa.selenium.remote.RemoteWebDriver$RemoteNavigation.to(RemoteWebDriver.java:983)
 io.github.shafthq.shaft.gui.browser.BrowserActionsHelpers.navigateToNewURL(BrowserActionsHelpers.java:132)
 com.shaft.gui.browser.BrowserActions.navigateToURL(BrowserActions.java:272)
 com.shaft.gui.browser.BrowserActions.navigateToURL(BrowserActions.java:213)
 io.github.shafthq.shaft.gui.browser.FluentBrowserActions.navigateToURL(FluentBrowserActions.java:108)
 TestPackage.TestBase.SetupDriver(TestBase.java:17)
 java.base/jdk.internal.reflect.NativeMethodAccessorImpl.invoke0(Native Method)
 java.base/jdk.internal.reflect.NativeMethodAccessorImpl.invoke(NativeMethodAccessorImpl.java:77)
 java.base/jdk.internal.reflect.DelegatingMethodAccessorImpl.invoke(DelegatingMethodAccessorImpl.java:43)
 java.base/java.lang.reflect.Method.invoke(Method.java:568)
 org.testng.internal.invokers.MethodInvocationHelper.invokeMethod(MethodInvocationHelper.java:139)
 org.testng.internal.invokers.MethodInvocationHelper.invokeMethodConsideringTimeout(MethodInvocationHelper.java:69)
 org.testng.internal.invokers.ConfigInvoker.invokeConfigurationMethod(ConfigInvoker.java:361)
 org.testng.internal.invokers.ConfigInvoker.invokeConfigurations(ConfigInvoker.java:296)
 org.testng.SuiteRunner.privateRun(SuiteRunner.java:376)
 org.testng.SuiteRunner.run(SuiteRunner.java:330)
 org.testng.SuiteRunnerWorker.runSuite(SuiteRunnerWorker.java:52)
 org.testng.SuiteRunnerWorker.run(SuiteRunnerWorker.java:95)
 org.testng.TestNG.runSuitesSequentially(TestNG.java:1256)
 org.testng.TestNG.runSuitesLocally(TestNG.java:1176)
 org.testng.TestNG.runSuites(TestNG.java:1099)
 org.testng.TestNG.run(TestNG.java:1067)
 com.intellij.rt.testng.IDEARemoteTestNG.run(IDEARemoteTestNG.java:66)
 com.intellij.rt.testng.RemoteTestNGStarter.main(RemoteTestNGStarter.java:109)

Caused by: java.io.IOException: HTTP/1.1 header parser received no bytes
 java.net.http/jdk.internal.net.http.HttpClientImpl.send(HttpClientImpl.java:586)
 java.net.http/jdk.internal.net.http.HttpClientFacade.send(HttpClientFacade.java:123)
 org.openqa.selenium.remote.http.jdk.JdkHttpClient.execute(JdkHttpClient.java:236)
 org.openqa.selenium.remote.HttpCommandExecutor.execute(HttpCommandExecutor.java:181)
 org.openqa.selenium.remote.service.DriverCommandExecutor.invokeExecute(DriverCommandExecutor.java:167)
 org.openqa.selenium.remote.service.DriverCommandExecutor.execute(DriverCommandExecutor.java:142)
 org.openqa.selenium.remote.RemoteWebDriver.execute(RemoteWebDriver.java:543)
 org.openqa.selenium.remote.RemoteWebDriver.get(RemoteWebDriver.java:297)
 org.openqa.selenium.remote.RemoteWebDriver$RemoteNavigation.to(RemoteWebDriver.java:983)
 io.github.shafthq.shaft.gui.browser.BrowserActionsHelpers.navigateToNewURL(BrowserActionsHelpers.java:132)
 com.shaft.gui.browser.BrowserActions.navigateToURL(BrowserActions.java:272)
 com.shaft.gui.browser.BrowserActions.navigateToURL(BrowserActions.java:213)
 io.github.shafthq.shaft.gui.browser.FluentBrowserActions.navigateToURL(FluentBrowserActions.java:108)
 TestPackage.TestBase.SetupDriver(TestBase.java:17)
 java.base/jdk.internal.reflect.NativeMethodAccessorImpl.invoke0(Native Method)
 java.base/jdk.internal.reflect.NativeMethodAccessorImpl.invoke(NativeMethodAccessorImpl.java:77)
 java.base/jdk.internal.reflect.DelegatingMethodAccessorImpl.invoke(DelegatingMethodAccessorImpl.java:43)
 java.base/java.lang.reflect.Method.invoke(Method.java:568)
 org.testng.internal.invokers.MethodInvocationHelper.invokeMethod(MethodInvocationHelper.java:139)
 org.testng.internal.invokers.MethodInvocationHelper.invokeMethodConsideringTimeout(MethodInvocationHelper.java:69)
 org.testng.internal.invokers.ConfigInvoker.invokeConfigurationMethod(ConfigInvoker.java:361)
 org.testng.internal.invokers.ConfigInvoker.invokeConfigurations(ConfigInvoker.java:296)
 org.testng.SuiteRunner.privateRun(SuiteRunner.java:376)
 org.testng.SuiteRunner.run(SuiteRunner.java:330)
 org.testng.SuiteRunnerWorker.runSuite(SuiteRunnerWorker.java:52)
 org.testng.SuiteRunnerWorker.run(SuiteRunnerWorker.java:95)
 org.testng.TestNG.runSuitesSequentially(TestNG.java:1256)
 org.testng.TestNG.runSuitesLocally(TestNG.java:1176)
 org.testng.TestNG.runSuites(TestNG.java:1099)
 org.testng.TestNG.run(TestNG.java:1067)
 com.intellij.rt.testng.IDEARemoteTestNG.run(IDEARemoteTestNG.java:66)
 com.intellij.rt.testng.RemoteTestNGStarter.main(RemoteTestNGStarter.java:109)

Caused by: java.io.IOException: HTTP/1.1 header parser received no bytes
 java.net.http/jdk.internal.net.http.common.Utils.wrapWithExtraDetail(Utils.java:348)
 java.net.http/jdk.internal.net.http.Http1Response$HeadersReader.onReadError(Http1Response.java:675)
 java.net.http/jdk.internal.net.http.Http1AsyncReceiver.checkForErrors(Http1AsyncReceiver.java:302)
 java.net.http/jdk.internal.net.http.Http1AsyncReceiver.flush(Http1AsyncReceiver.java:268)
 java.net.http/jdk.internal.net.http.common.SequentialScheduler$LockingRestartableTask.run(SequentialScheduler.java:205)
 java.net.http/jdk.internal.net.http.common.SequentialScheduler$CompleteRestartableTask.run(SequentialScheduler.java:149)
 java.net.http/jdk.internal.net.http.common.SequentialScheduler$SchedulableTask.run(SequentialScheduler.java:230)
 java.base/java.util.concurrent.ThreadPoolExecutor.runWorker(ThreadPoolExecutor.java:1136)
 java.base/java.util.concurrent.ThreadPoolExecutor$Worker.run(ThreadPoolExecutor.java:635)
 java.base/java.lang.Thread.run(Thread.java:833)

Caused by: java.net.SocketException: Connection reset
 java.base/sun.nio.ch.SocketChannelImpl.throwConnectionReset(SocketChannelImpl.java:394)
 java.base/sun.nio.ch.SocketChannelImpl.read(SocketChannelImpl.java:426)
 java.net.http/jdk.internal.net.http.SocketTube.readAvailable(SocketTube.java:1170)
 java.net.http/jdk.internal.net.http.SocketTube$InternalReadPublisher$InternalReadSubscription.read(SocketTube.java:833)
 java.net.http/jdk.internal.net.http.SocketTube$SocketFlowTask.run(SocketTube.java:181)
 java.net.http/jdk.internal.net.http.common.SequentialScheduler$SchedulableTask.run(SequentialScheduler.java:230)
 java.net.http/jdk.internal.net.http.common.SequentialScheduler.runOrSchedule(SequentialScheduler.java:303)
 java.net.http/jdk.internal.net.http.common.SequentialScheduler.runOrSchedule(SequentialScheduler.java:256)
 java.net.http/jdk.internal.net.http.SocketTube$InternalReadPublisher$InternalReadSubscription.signalReadable(SocketTube.java:774)
 java.net.http/jdk.internal.net.http.SocketTube$InternalReadPublisher$ReadEvent.signalEvent(SocketTube.java:957)
 java.net.http/jdk.internal.net.http.SocketTube$SocketFlowEvent.handle(SocketTube.java:253)
 java.net.http/jdk.internal.net.http.HttpClientImpl$SelectorManager.handleEvent(HttpClientImpl.java:979)
 java.net.http/jdk.internal.net.http.HttpClientImpl$SelectorManager.lambda$run$3(HttpClientImpl.java:934)
 java.base/java.util.ArrayList.forEach(ArrayList.java:1511)
 java.net.http/jdk.internal.net.http.HttpClientImpl$SelectorManager.run(HttpClientImpl.java:934)
