[INFO ] 2023-03-23 20:47:04.077 [main] ReportManager - 
------------------------------------------------------------------------------------------------------------------------------------------------
                                                     Powered by SHAFT Engine v7.1.20230130                                                     
------------------------------------------------------------------------------------------------------------------------------------------------
[INFO ] 2023-03-23 20:47:05.732 [main] ReportManager - Loaded OpenCV "opencv_java460".
[INFO ] 2023-03-23 20:47:05.733 [main] ReportManager - Initializing Allure Reporting Environment...
[INFO ] 2023-03-23 20:47:06.095 [main] ReportManager - Initializing Extent Reporting Environment...
[INFO ] 2023-03-23 20:47:08.183 [main] Utils - [TestNG] Running:
  C:\Users\VISTA FOUNDATION\AppData\Local\JetBrains\IdeaIC2022.2\temp-testng-customsuite.xml

[INFO ] 2023-03-23 20:47:08.254 [main] ReportManager - 
------------------------------------------------------------------------------------------------------------------------------------------------
                           Starting execution of setup driver configuration method
'TestPackage.LoginTC.SetupDriver'                           
------------------------------------------------------------------------------------------------------------------------------------------------
[INFO ] 2023-03-23 20:47:08.356 [main] ReportManager - Setting "targetOperatingSystem" property with "Windows-64".
[INFO ] 2023-03-23 20:47:08.360 [main] ReportManager - File Action "DoesFileExist" successfully performed. With the following test data "File Path: "target/downloadedFiles/"".
[INFO ] 2023-03-23 20:47:08.382 [main] ReportManager - File Action "GetAbsolutePath" successfully performed. With the following test data "Relative Folder Path: "src/test/resources/testDataFiles/target/downloadedFiles/"".
[INFO ] 2023-03-23 20:47:08.447 [main] ReportManager - Attempting to run locally on: "Windows-64 | Google chrome".
[INFO ] 2023-03-23 20:47:08.448 [main] ReportManager - Identifying OS/Driver combination and selecting the correct driver version automatically. Please note that if a new driver executable will be downloaded it may take some time...
[DEBUG] 2023-03-23 20:47:10.161 [main] ResolutionCache - Resolution chrome=111 in cache (valid until 21:36:13 23/03/2023 EET)
[DEBUG] 2023-03-23 20:47:10.164 [main] ResolutionCache - Resolution chrome111=111.0.5563.64 in cache (valid until 21:00:02 23/03/2023 EET)
[INFO ] 2023-03-23 20:47:10.167 [main] WebDriverManager - Using chromedriver 111.0.5563.64 (resolved driver for Chrome 111)
[DEBUG] 2023-03-23 20:47:10.192 [main] WebDriverManager - Driver chromedriver 111.0.5563.64 found in cache
[INFO ] 2023-03-23 20:47:10.194 [main] WebDriverManager - Exporting webdriver.chrome.driver as C:\Users\VISTA FOUNDATION\.cache\selenium\chromedriver\win32\111.0.5563.64\chromedriver.exe
[ERROR] 2023-03-23 20:47:12.811 [Exec Stream Pumper] ReportManager - Starting ChromeDriver 111.0.5563.64 (c710e93d5b63b7095afe8c2c17df34408078439d-refs/branch-heads/5563@{#995}) on port 57437
[ERROR] 2023-03-23 20:47:12.812 [Exec Stream Pumper] ReportManager - Only local connections are allowed.
[ERROR] 2023-03-23 20:47:12.812 [Exec Stream Pumper] ReportManager - Please see https://chromedriver.chromium.org/security-considerations for suggestions on keeping ChromeDriver safe.
[ERROR] 2023-03-23 20:47:12.857 [Exec Stream Pumper] ReportManager - ChromeDriver was started successfully.
[INFO ] 2023-03-23 20:47:17.126 [main] ReportManager - Successfully Opened: "Windows-64 | Google chrome".
[INFO ] 2023-03-23 20:47:17.148 [main] ReportManager - Target URL: "https://staging.mazaady.com/login"
[INFO ] 2023-03-23 20:47:17.485 [main] ReportManager - Initial URL: "data:,"
[ERROR] 2023-03-23 20:47:18.674 [Exec Stream Pumper] ReportManager - äµ¡[1679597238.675][WARNING]: Processing messages while being disconnected
[ERROR] 2023-03-23 20:47:26.455 [main] ReportManager - org.openqa.selenium.remote.UnreachableBrowserException: Error communicating with the remote browser. It may have died.
Build info: version: '4.5.0', revision: 'fe167b119a'
System info: os.name: 'Windows 10', os.arch: 'amd64', os.version: '10.0', java.version: '17.0.6'
Driver info: org.openqa.selenium.chrome.ChromeDriver
Command: [fd73be0d90cfe48c76b2ec86b52569d4, executeCdpCommand {cmd=Page.getLayoutMetrics, params={}}]
Capabilities {acceptInsecureCerts: true, browserName: chrome, browserVersion: 111.0.5563.66, chrome: {chromedriverVersion: 111.0.5563.64 (c710e93d5b63..., userDataDir: C:\Users\VISTAF~1\AppData\L...}, goog:chromeOptions: {debuggerAddress: localhost:62159}, networkConnectionEnabled: false, pageLoadStrategy: eager, platformName: WINDOWS, proxy: Proxy(), se:cdp: ws://localhost:62159/devtoo..., se:cdpVersion: 111.0.5563.66, setWindowRect: true, strictFileInteractability: false, timeouts: {implicit: 0, pageLoad: 30000, script: 30000}, unhandledPromptBehavior: accept and notify, webauthn:extension:credBlob: true, webauthn:extension:largeBlob: true, webauthn:extension:minPinLength: true, webauthn:extension:prf: true, webauthn:virtualAuthenticators: true}
Session ID: fd73be0d90cfe48c76b2ec86b52569d4
 org.openqa.selenium.remote.RemoteWebDriver.execute(RemoteWebDriver.java:567)
 org.openqa.selenium.remote.RemoteWebDriver.execute(RemoteWebDriver.java:598)
 org.openqa.selenium.remote.RemoteExecuteMethod.execute(RemoteExecuteMethod.java:40)
 org.openqa.selenium.chromium.AddHasCdp$1.executeCdpCommand(AddHasCdp.java:58)
 org.openqa.selenium.chromium.ChromiumDriver.executeCdpCommand(ChromiumDriver.java:212)
 io.github.shafthq.shaft.gui.image.ScreenshotHelper.makeFullScreenshot(ScreenshotHelper.java:41)
 io.github.shafthq.shaft.gui.image.ScreenshotManager.takeFullPageScreenshot(ScreenshotManager.java:244)
 io.github.shafthq.shaft.gui.image.ScreenshotManager.takeScreenshot(ScreenshotManager.java:418)
 io.github.shafthq.shaft.gui.image.ScreenshotManager.internalCaptureScreenShot(ScreenshotManager.java:364)
 io.github.shafthq.shaft.gui.image.ScreenshotManager.captureScreenShot(ScreenshotManager.java:112)
 io.github.shafthq.shaft.gui.browser.BrowserActionsHelpers.reportActionResult(BrowserActionsHelpers.java:100)
 io.github.shafthq.shaft.gui.browser.BrowserActionsHelpers.failAction(BrowserActionsHelpers.java:60)
 io.github.shafthq.shaft.gui.browser.BrowserActionsHelpers.failAction(BrowserActionsHelpers.java:55)
 io.github.shafthq.shaft.gui.browser.BrowserActionsHelpers.navigateToNewURL(BrowserActionsHelpers.java:134)
 com.shaft.gui.browser.BrowserActions.navigateToURL(BrowserActions.java:272)
 com.shaft.gui.browser.BrowserActions.navigateToURL(BrowserActions.java:213)
 io.github.shafthq.shaft.gui.browser.FluentBrowserActions.navigateToURL(FluentBrowserActions.java:108)
 TestPackage.TestBase.SetupDriver(TestBase.java:17)
 java.base/jdk.internal.reflect.NativeMethodAccessorImpl.invoke0(Native Method)
 java.base/jdk.internal.reflect.NativeMethodAccessorImpl.invoke(NativeMethodAccessorImpl.java:77)
 java.base/jdk.internal.reflect.DelegatingMethodAccessorImpl.invoke(DelegatingMethodAccessorImpl.java:43)
 java.base/java.lang.reflect.Method.invoke(Method.java:568)
 org.testng.internal.invokers.MethodInvocationHelper.invokeMethod(MethodInvocationHelper.java:139)
 org.testng.internal.invokers.MethodInvocationHelper.invokeMethodConsideringTimeout(MethodInvocationHelper.java:69)
 org.testng.internal.invokers.ConfigInvoker.invokeConfigurationMethod(ConfigInvoker.java:361)
 org.testng.internal.invokers.ConfigInvoker.invokeConfigurations(ConfigInvoker.java:296)
 org.testng.SuiteRunner.privateRun(SuiteRunner.java:376)
 org.testng.SuiteRunner.run(SuiteRunner.java:330)
 org.testng.SuiteRunnerWorker.runSuite(SuiteRunnerWorker.java:52)
 org.testng.SuiteRunnerWorker.run(SuiteRunnerWorker.java:95)
 org.testng.TestNG.runSuitesSequentially(TestNG.java:1256)
 org.testng.TestNG.runSuitesLocally(TestNG.java:1176)
 org.testng.TestNG.runSuites(TestNG.java:1099)
 org.testng.TestNG.run(TestNG.java:1067)
 com.intellij.rt.testng.IDEARemoteTestNG.run(IDEARemoteTestNG.java:66)
 com.intellij.rt.testng.RemoteTestNGStarter.main(RemoteTestNGStarter.java:109)

Caused by: java.io.UncheckedIOException: java.net.ConnectException
 org.openqa.selenium.remote.http.jdk.JdkHttpClient.execute(JdkHttpClient.java:240)
 org.openqa.selenium.remote.HttpCommandExecutor.execute(HttpCommandExecutor.java:181)
 org.openqa.selenium.remote.service.DriverCommandExecutor.invokeExecute(DriverCommandExecutor.java:167)
 org.openqa.selenium.remote.service.DriverCommandExecutor.execute(DriverCommandExecutor.java:142)
 org.openqa.selenium.remote.RemoteWebDriver.execute(RemoteWebDriver.java:543)
 org.openqa.selenium.remote.RemoteWebDriver.execute(RemoteWebDriver.java:598)
 org.openqa.selenium.remote.RemoteExecuteMethod.execute(RemoteExecuteMethod.java:40)
 org.openqa.selenium.chromium.AddHasCdp$1.executeCdpCommand(AddHasCdp.java:58)
 org.openqa.selenium.chromium.ChromiumDriver.executeCdpCommand(ChromiumDriver.java:212)
 io.github.shafthq.shaft.gui.image.ScreenshotHelper.makeFullScreenshot(ScreenshotHelper.java:41)
 io.github.shafthq.shaft.gui.image.ScreenshotManager.takeFullPageScreenshot(ScreenshotManager.java:244)
 io.github.shafthq.shaft.gui.image.ScreenshotManager.takeScreenshot(ScreenshotManager.java:418)
 io.github.shafthq.shaft.gui.image.ScreenshotManager.internalCaptureScreenShot(ScreenshotManager.java:364)
 io.github.shafthq.shaft.gui.image.ScreenshotManager.captureScreenShot(ScreenshotManager.java:112)
 io.github.shafthq.shaft.gui.browser.BrowserActionsHelpers.reportActionResult(BrowserActionsHelpers.java:100)
 io.github.shafthq.shaft.gui.browser.BrowserActionsHelpers.failAction(BrowserActionsHelpers.java:60)
 io.github.shafthq.shaft.gui.browser.BrowserActionsHelpers.failAction(BrowserActionsHelpers.java:55)
 io.github.shafthq.shaft.gui.browser.BrowserActionsHelpers.navigateToNewURL(BrowserActionsHelpers.java:134)
 com.shaft.gui.browser.BrowserActions.navigateToURL(BrowserActions.java:272)
 com.shaft.gui.browser.BrowserActions.navigateToURL(BrowserActions.java:213)
 io.github.shafthq.shaft.gui.browser.FluentBrowserActions.navigateToURL(FluentBrowserActions.java:108)
 TestPackage.TestBase.SetupDriver(TestBase.java:17)
 java.base/jdk.internal.reflect.NativeMethodAccessorImpl.invoke0(Native Method)
 java.base/jdk.internal.reflect.NativeMethodAccessorImpl.invoke(NativeMethodAccessorImpl.java:77)
 java.base/jdk.internal.reflect.DelegatingMethodAccessorImpl.invoke(DelegatingMethodAccessorImpl.java:43)
 java.base/java.lang.reflect.Method.invoke(Method.java:568)
 org.testng.internal.invokers.MethodInvocationHelper.invokeMethod(MethodInvocationHelper.java:139)
 org.testng.internal.invokers.MethodInvocationHelper.invokeMethodConsideringTimeout(MethodInvocationHelper.java:69)
 org.testng.internal.invokers.ConfigInvoker.invokeConfigurationMethod(ConfigInvoker.java:361)
 org.testng.internal.invokers.ConfigInvoker.invokeConfigurations(ConfigInvoker.java:296)
 org.testng.SuiteRunner.privateRun(SuiteRunner.java:376)
 org.testng.SuiteRunner.run(SuiteRunner.java:330)
 org.testng.SuiteRunnerWorker.runSuite(SuiteRunnerWorker.java:52)
 org.testng.SuiteRunnerWorker.run(SuiteRunnerWorker.java:95)
 org.testng.TestNG.runSuitesSequentially(TestNG.java:1256)
 org.testng.TestNG.runSuitesLocally(TestNG.java:1176)
 org.testng.TestNG.runSuites(TestNG.java:1099)
 org.testng.TestNG.run(TestNG.java:1067)
 com.intellij.rt.testng.IDEARemoteTestNG.run(IDEARemoteTestNG.java:66)
 com.intellij.rt.testng.RemoteTestNGStarter.main(RemoteTestNGStarter.java:109)

Caused by: java.net.ConnectException: null
 java.net.http/jdk.internal.net.http.HttpClientImpl.send(HttpClientImpl.java:573)
 java.net.http/jdk.internal.net.http.HttpClientFacade.send(HttpClientFacade.java:123)
 org.openqa.selenium.remote.http.jdk.JdkHttpClient.execute(JdkHttpClient.java:236)
 org.openqa.selenium.remote.HttpCommandExecutor.execute(HttpCommandExecutor.java:181)
 org.openqa.selenium.remote.service.DriverCommandExecutor.invokeExecute(DriverCommandExecutor.java:167)
 org.openqa.selenium.remote.service.DriverCommandExecutor.execute(DriverCommandExecutor.java:142)
 org.openqa.selenium.remote.RemoteWebDriver.execute(RemoteWebDriver.java:543)
 org.openqa.selenium.remote.RemoteWebDriver.execute(RemoteWebDriver.java:598)
 org.openqa.selenium.remote.RemoteExecuteMethod.execute(RemoteExecuteMethod.java:40)
 org.openqa.selenium.chromium.AddHasCdp$1.executeCdpCommand(AddHasCdp.java:58)
 org.openqa.selenium.chromium.ChromiumDriver.executeCdpCommand(ChromiumDriver.java:212)
 io.github.shafthq.shaft.gui.image.ScreenshotHelper.makeFullScreenshot(ScreenshotHelper.java:41)
 io.github.shafthq.shaft.gui.image.ScreenshotManager.takeFullPageScreenshot(ScreenshotManager.java:244)
 io.github.shafthq.shaft.gui.image.ScreenshotManager.takeScreenshot(ScreenshotManager.java:418)
 io.github.shafthq.shaft.gui.image.ScreenshotManager.internalCaptureScreenShot(ScreenshotManager.java:364)
 io.github.shafthq.shaft.gui.image.ScreenshotManager.captureScreenShot(ScreenshotManager.java:112)
 io.github.shafthq.shaft.gui.browser.BrowserActionsHelpers.reportActionResult(BrowserActionsHelpers.java:100)
 io.github.shafthq.shaft.gui.browser.BrowserActionsHelpers.failAction(BrowserActionsHelpers.java:60)
 io.github.shafthq.shaft.gui.browser.BrowserActionsHelpers.failAction(BrowserActionsHelpers.java:55)
 io.github.shafthq.shaft.gui.browser.BrowserActionsHelpers.navigateToNewURL(BrowserActionsHelpers.java:134)
 com.shaft.gui.browser.BrowserActions.navigateToURL(BrowserActions.java:272)
 com.shaft.gui.browser.BrowserActions.navigateToURL(BrowserActions.java:213)
 io.github.shafthq.shaft.gui.browser.FluentBrowserActions.navigateToURL(FluentBrowserActions.java:108)
 TestPackage.TestBase.SetupDriver(TestBase.java:17)
 java.base/jdk.internal.reflect.NativeMethodAccessorImpl.invoke0(Native Method)
 java.base/jdk.internal.reflect.NativeMethodAccessorImpl.invoke(NativeMethodAccessorImpl.java:77)
 java.base/jdk.internal.reflect.DelegatingMethodAccessorImpl.invoke(DelegatingMethodAccessorImpl.java:43)
 java.base/java.lang.reflect.Method.invoke(Method.java:568)
 org.testng.internal.invokers.MethodInvocationHelper.invokeMethod(MethodInvocationHelper.java:139)
 org.testng.internal.invokers.MethodInvocationHelper.invokeMethodConsideringTimeout(MethodInvocationHelper.java:69)
 org.testng.internal.invokers.ConfigInvoker.invokeConfigurationMethod(ConfigInvoker.java:361)
 org.testng.internal.invokers.ConfigInvoker.invokeConfigurations(ConfigInvoker.java:296)
 org.testng.SuiteRunner.privateRun(SuiteRunner.java:376)
 org.testng.SuiteRunner.run(SuiteRunner.java:330)
 org.testng.SuiteRunnerWorker.runSuite(SuiteRunnerWorker.java:52)
 org.testng.SuiteRunnerWorker.run(SuiteRunnerWorker.java:95)
 org.testng.TestNG.runSuitesSequentially(TestNG.java:1256)
 org.testng.TestNG.runSuitesLocally(TestNG.java:1176)
 org.testng.TestNG.runSuites(TestNG.java:1099)
 org.testng.TestNG.run(TestNG.java:1067)
 com.intellij.rt.testng.IDEARemoteTestNG.run(IDEARemoteTestNG.java:66)
 com.intellij.rt.testng.RemoteTestNGStarter.main(RemoteTestNGStarter.java:109)

Caused by: java.net.ConnectException: null
 java.net.http/jdk.internal.net.http.common.Utils.toConnectException(Utils.java:1047)
 java.net.http/jdk.internal.net.http.PlainHttpConnection.connectAsync(PlainHttpConnection.java:198)
 java.net.http/jdk.internal.net.http.PlainHttpConnection.checkRetryConnect(PlainHttpConnection.java:230)
 java.net.http/jdk.internal.net.http.PlainHttpConnection.lambda$connectAsync$1(PlainHttpConnection.java:206)
 java.base/java.util.concurrent.CompletableFuture.uniHandle(CompletableFuture.java:934)
 java.base/java.util.concurrent.CompletableFuture$UniHandle.tryFire(CompletableFuture.java:911)
 java.base/java.util.concurrent.CompletableFuture.postComplete(CompletableFuture.java:510)
 java.base/java.util.concurrent.CompletableFuture$AsyncSupply.run(CompletableFuture.java:1773)
 java.base/java.util.concurrent.ThreadPoolExecutor.runWorker(ThreadPoolExecutor.java:1136)
 java.base/java.util.concurrent.ThreadPoolExecutor$Worker.run(ThreadPoolExecutor.java:635)
 java.base/java.lang.Thread.run(Thread.java:833)

Caused by: java.nio.channels.ClosedChannelException: null
 java.base/sun.nio.ch.SocketChannelImpl.ensureOpen(SocketChannelImpl.java:195)
 java.base/sun.nio.ch.SocketChannelImpl.beginConnect(SocketChannelImpl.java:760)
 java.base/sun.nio.ch.SocketChannelImpl.connect(SocketChannelImpl.java:848)
 java.net.http/jdk.internal.net.http.PlainHttpConnection.lambda$connectAsync$0(PlainHttpConnection.java:183)
 java.base/java.security.AccessController.doPrivileged(AccessController.java:569)
 java.net.http/jdk.internal.net.http.PlainHttpConnection.connectAsync(PlainHttpConnection.java:185)
 java.net.http/jdk.internal.net.http.PlainHttpConnection.checkRetryConnect(PlainHttpConnection.java:230)
 java.net.http/jdk.internal.net.http.PlainHttpConnection.lambda$connectAsync$1(PlainHttpConnection.java:206)
 java.base/java.util.concurrent.CompletableFuture.uniHandle(CompletableFuture.java:934)
 java.base/java.util.concurrent.CompletableFuture$UniHandle.tryFire(CompletableFuture.java:911)
 java.base/java.util.concurrent.CompletableFuture.postComplete(CompletableFuture.java:510)
 java.base/java.util.concurrent.CompletableFuture$AsyncSupply.run(CompletableFuture.java:1773)
 java.base/java.util.concurrent.ThreadPoolExecutor.runWorker(ThreadPoolExecutor.java:1136)
 java.base/java.util.concurrent.ThreadPoolExecutor$Worker.run(ThreadPoolExecutor.java:635)
 java.base/java.lang.Thread.run(Thread.java:833)
[ERROR] 2023-03-23 20:47:26.911 [main] ReportManager - org.openqa.selenium.remote.UnreachableBrowserException: Error communicating with the remote browser. It may have died.
Build info: version: '4.5.0', revision: 'fe167b119a'
System info: os.name: 'Windows 10', os.arch: 'amd64', os.version: '10.0', java.version: '17.0.6'
Driver info: org.openqa.selenium.chrome.ChromeDriver
Command: [fd73be0d90cfe48c76b2ec86b52569d4, screenshot {}]
Capabilities {acceptInsecureCerts: true, browserName: chrome, browserVersion: 111.0.5563.66, chrome: {chromedriverVersion: 111.0.5563.64 (c710e93d5b63..., userDataDir: C:\Users\VISTAF~1\AppData\L...}, goog:chromeOptions: {debuggerAddress: localhost:62159}, networkConnectionEnabled: false, pageLoadStrategy: eager, platformName: WINDOWS, proxy: Proxy(), se:cdp: ws://localhost:62159/devtoo..., se:cdpVersion: 111.0.5563.66, setWindowRect: true, strictFileInteractability: false, timeouts: {implicit: 0, pageLoad: 30000, script: 30000}, unhandledPromptBehavior: accept and notify, webauthn:extension:credBlob: true, webauthn:extension:largeBlob: true, webauthn:extension:minPinLength: true, webauthn:extension:prf: true, webauthn:virtualAuthenticators: true}
Session ID: fd73be0d90cfe48c76b2ec86b52569d4
 org.openqa.selenium.remote.RemoteWebDriver.execute(RemoteWebDriver.java:567)
 org.openqa.selenium.remote.RemoteWebDriver.execute(RemoteWebDriver.java:598)
 org.openqa.selenium.remote.RemoteWebDriver.execute(RemoteWebDriver.java:602)
 org.openqa.selenium.remote.RemoteWebDriver.getScreenshotAs(RemoteWebDriver.java:318)
 io.github.shafthq.shaft.gui.image.ScreenshotManager.takeFullPageScreenshot(ScreenshotManager.java:248)
 io.github.shafthq.shaft.gui.image.ScreenshotManager.takeScreenshot(ScreenshotManager.java:418)
 io.github.shafthq.shaft.gui.image.ScreenshotManager.internalCaptureScreenShot(ScreenshotManager.java:364)
 io.github.shafthq.shaft.gui.image.ScreenshotManager.captureScreenShot(ScreenshotManager.java:112)
 io.github.shafthq.shaft.gui.browser.BrowserActionsHelpers.reportActionResult(BrowserActionsHelpers.java:100)
 io.github.shafthq.shaft.gui.browser.BrowserActionsHelpers.failAction(BrowserActionsHelpers.java:60)
 io.github.shafthq.shaft.gui.browser.BrowserActionsHelpers.failAction(BrowserActionsHelpers.java:55)
 io.github.shafthq.shaft.gui.browser.BrowserActionsHelpers.navigateToNewURL(BrowserActionsHelpers.java:134)
 com.shaft.gui.browser.BrowserActions.navigateToURL(BrowserActions.java:272)
 com.shaft.gui.browser.BrowserActions.navigateToURL(BrowserActions.java:213)
 io.github.shafthq.shaft.gui.browser.FluentBrowserActions.navigateToURL(FluentBrowserActions.java:108)
 TestPackage.TestBase.SetupDriver(TestBase.java:17)
 java.base/jdk.internal.reflect.NativeMethodAccessorImpl.invoke0(Native Method)
 java.base/jdk.internal.reflect.NativeMethodAccessorImpl.invoke(NativeMethodAccessorImpl.java:77)
 java.base/jdk.internal.reflect.DelegatingMethodAccessorImpl.invoke(DelegatingMethodAccessorImpl.java:43)
 java.base/java.lang.reflect.Method.invoke(Method.java:568)
 org.testng.internal.invokers.MethodInvocationHelper.invokeMethod(MethodInvocationHelper.java:139)
 org.testng.internal.invokers.MethodInvocationHelper.invokeMethodConsideringTimeout(MethodInvocationHelper.java:69)
 org.testng.internal.invokers.ConfigInvoker.invokeConfigurationMethod(ConfigInvoker.java:361)
 org.testng.internal.invokers.ConfigInvoker.invokeConfigurations(ConfigInvoker.java:296)
 org.testng.SuiteRunner.privateRun(SuiteRunner.java:376)
 org.testng.SuiteRunner.run(SuiteRunner.java:330)
 org.testng.SuiteRunnerWorker.runSuite(SuiteRunnerWorker.java:52)
 org.testng.SuiteRunnerWorker.run(SuiteRunnerWorker.java:95)
 org.testng.TestNG.runSuitesSequentially(TestNG.java:1256)
 org.testng.TestNG.runSuitesLocally(TestNG.java:1176)
 org.testng.TestNG.runSuites(TestNG.java:1099)
 org.testng.TestNG.run(TestNG.java:1067)
 com.intellij.rt.testng.IDEARemoteTestNG.run(IDEARemoteTestNG.java:66)
 com.intellij.rt.testng.RemoteTestNGStarter.main(RemoteTestNGStarter.java:109)

Caused by: java.io.UncheckedIOException: java.net.ConnectException
 org.openqa.selenium.remote.http.jdk.JdkHttpClient.execute(JdkHttpClient.java:240)
 org.openqa.selenium.remote.HttpCommandExecutor.execute(HttpCommandExecutor.java:181)
 org.openqa.selenium.remote.service.DriverCommandExecutor.invokeExecute(DriverCommandExecutor.java:167)
 org.openqa.selenium.remote.service.DriverCommandExecutor.execute(DriverCommandExecutor.java:142)
 org.openqa.selenium.remote.RemoteWebDriver.execute(RemoteWebDriver.java:543)
 org.openqa.selenium.remote.RemoteWebDriver.execute(RemoteWebDriver.java:598)
 org.openqa.selenium.remote.RemoteWebDriver.execute(RemoteWebDriver.java:602)
 org.openqa.selenium.remote.RemoteWebDriver.getScreenshotAs(RemoteWebDriver.java:318)
 io.github.shafthq.shaft.gui.image.ScreenshotManager.takeFullPageScreenshot(ScreenshotManager.java:248)
 io.github.shafthq.shaft.gui.image.ScreenshotManager.takeScreenshot(ScreenshotManager.java:418)
 io.github.shafthq.shaft.gui.image.ScreenshotManager.internalCaptureScreenShot(ScreenshotManager.java:364)
 io.github.shafthq.shaft.gui.image.ScreenshotManager.captureScreenShot(ScreenshotManager.java:112)
 io.github.shafthq.shaft.gui.browser.BrowserActionsHelpers.reportActionResult(BrowserActionsHelpers.java:100)
 io.github.shafthq.shaft.gui.browser.BrowserActionsHelpers.failAction(BrowserActionsHelpers.java:60)
 io.github.shafthq.shaft.gui.browser.BrowserActionsHelpers.failAction(BrowserActionsHelpers.java:55)
 io.github.shafthq.shaft.gui.browser.BrowserActionsHelpers.navigateToNewURL(BrowserActionsHelpers.java:134)
 com.shaft.gui.browser.BrowserActions.navigateToURL(BrowserActions.java:272)
 com.shaft.gui.browser.BrowserActions.navigateToURL(BrowserActions.java:213)
 io.github.shafthq.shaft.gui.browser.FluentBrowserActions.navigateToURL(FluentBrowserActions.java:108)
 TestPackage.TestBase.SetupDriver(TestBase.java:17)
 java.base/jdk.internal.reflect.NativeMethodAccessorImpl.invoke0(Native Method)
 java.base/jdk.internal.reflect.NativeMethodAccessorImpl.invoke(NativeMethodAccessorImpl.java:77)
 java.base/jdk.internal.reflect.DelegatingMethodAccessorImpl.invoke(DelegatingMethodAccessorImpl.java:43)
 java.base/java.lang.reflect.Method.invoke(Method.java:568)
 org.testng.internal.invokers.MethodInvocationHelper.invokeMethod(MethodInvocationHelper.java:139)
 org.testng.internal.invokers.MethodInvocationHelper.invokeMethodConsideringTimeout(MethodInvocationHelper.java:69)
 org.testng.internal.invokers.ConfigInvoker.invokeConfigurationMethod(ConfigInvoker.java:361)
 org.testng.internal.invokers.ConfigInvoker.invokeConfigurations(ConfigInvoker.java:296)
 org.testng.SuiteRunner.privateRun(SuiteRunner.java:376)
 org.testng.SuiteRunner.run(SuiteRunner.java:330)
 org.testng.SuiteRunnerWorker.runSuite(SuiteRunnerWorker.java:52)
 org.testng.SuiteRunnerWorker.run(SuiteRunnerWorker.java:95)
 org.testng.TestNG.runSuitesSequentially(TestNG.java:1256)
 org.testng.TestNG.runSuitesLocally(TestNG.java:1176)
 org.testng.TestNG.runSuites(TestNG.java:1099)
 org.testng.TestNG.run(TestNG.java:1067)
 com.intellij.rt.testng.IDEARemoteTestNG.run(IDEARemoteTestNG.java:66)
 com.intellij.rt.testng.RemoteTestNGStarter.main(RemoteTestNGStarter.java:109)

Caused by: java.net.ConnectException: null
 java.net.http/jdk.internal.net.http.HttpClientImpl.send(HttpClientImpl.java:573)
 java.net.http/jdk.internal.net.http.HttpClientFacade.send(HttpClientFacade.java:123)
 org.openqa.selenium.remote.http.jdk.JdkHttpClient.execute(JdkHttpClient.java:236)
 org.openqa.selenium.remote.HttpCommandExecutor.execute(HttpCommandExecutor.java:181)
 org.openqa.selenium.remote.service.DriverCommandExecutor.invokeExecute(DriverCommandExecutor.java:167)
 org.openqa.selenium.remote.service.DriverCommandExecutor.execute(DriverCommandExecutor.java:142)
 org.openqa.selenium.remote.RemoteWebDriver.execute(RemoteWebDriver.java:543)
 org.openqa.selenium.remote.RemoteWebDriver.execute(RemoteWebDriver.java:598)
 org.openqa.selenium.remote.RemoteWebDriver.execute(RemoteWebDriver.java:602)
 org.openqa.selenium.remote.RemoteWebDriver.getScreenshotAs(RemoteWebDriver.java:318)
 io.github.shafthq.shaft.gui.image.ScreenshotManager.takeFullPageScreenshot(ScreenshotManager.java:248)
 io.github.shafthq.shaft.gui.image.ScreenshotManager.takeScreenshot(ScreenshotManager.java:418)
 io.github.shafthq.shaft.gui.image.ScreenshotManager.internalCaptureScreenShot(ScreenshotManager.java:364)
 io.github.shafthq.shaft.gui.image.ScreenshotManager.captureScreenShot(ScreenshotManager.java:112)
 io.github.shafthq.shaft.gui.browser.BrowserActionsHelpers.reportActionResult(BrowserActionsHelpers.java:100)
 io.github.shafthq.shaft.gui.browser.BrowserActionsHelpers.failAction(BrowserActionsHelpers.java:60)
 io.github.shafthq.shaft.gui.browser.BrowserActionsHelpers.failAction(BrowserActionsHelpers.java:55)
 io.github.shafthq.shaft.gui.browser.BrowserActionsHelpers.navigateToNewURL(BrowserActionsHelpers.java:134)
 com.shaft.gui.browser.BrowserActions.navigateToURL(BrowserActions.java:272)
 com.shaft.gui.browser.BrowserActions.navigateToURL(BrowserActions.java:213)
 io.github.shafthq.shaft.gui.browser.FluentBrowserActions.navigateToURL(FluentBrowserActions.java:108)
 TestPackage.TestBase.SetupDriver(TestBase.java:17)
 java.base/jdk.internal.reflect.NativeMethodAccessorImpl.invoke0(Native Method)
 java.base/jdk.internal.reflect.NativeMethodAccessorImpl.invoke(NativeMethodAccessorImpl.java:77)
 java.base/jdk.internal.reflect.DelegatingMethodAccessorImpl.invoke(DelegatingMethodAccessorImpl.java:43)
 java.base/java.lang.reflect.Method.invoke(Method.java:568)
 org.testng.internal.invokers.MethodInvocationHelper.invokeMethod(MethodInvocationHelper.java:139)
 org.testng.internal.invokers.MethodInvocationHelper.invokeMethodConsideringTimeout(MethodInvocationHelper.java:69)
 org.testng.internal.invokers.ConfigInvoker.invokeConfigurationMethod(ConfigInvoker.java:361)
 org.testng.internal.invokers.ConfigInvoker.invokeConfigurations(ConfigInvoker.java:296)
 org.testng.SuiteRunner.privateRun(SuiteRunner.java:376)
 org.testng.SuiteRunner.run(SuiteRunner.java:330)
 org.testng.SuiteRunnerWorker.runSuite(SuiteRunnerWorker.java:52)
 org.testng.SuiteRunnerWorker.run(SuiteRunnerWorker.java:95)
 org.testng.TestNG.runSuitesSequentially(TestNG.java:1256)
 org.testng.TestNG.runSuitesLocally(TestNG.java:1176)
 org.testng.TestNG.runSuites(TestNG.java:1099)
 org.testng.TestNG.run(TestNG.java:1067)
 com.intellij.rt.testng.IDEARemoteTestNG.run(IDEARemoteTestNG.java:66)
 com.intellij.rt.testng.RemoteTestNGStarter.main(RemoteTestNGStarter.java:109)

Caused by: java.net.ConnectException: null
 java.net.http/jdk.internal.net.http.common.Utils.toConnectException(Utils.java:1047)
 java.net.http/jdk.internal.net.http.PlainHttpConnection.connectAsync(PlainHttpConnection.java:198)
 java.net.http/jdk.internal.net.http.PlainHttpConnection.checkRetryConnect(PlainHttpConnection.java:230)
 java.net.http/jdk.internal.net.http.PlainHttpConnection.lambda$connectAsync$1(PlainHttpConnection.java:206)
 java.base/java.util.concurrent.CompletableFuture.uniHandle(CompletableFuture.java:934)
 java.base/java.util.concurrent.CompletableFuture$UniHandle.tryFire(CompletableFuture.java:911)
 java.base/java.util.concurrent.CompletableFuture.postComplete(CompletableFuture.java:510)
 java.base/java.util.concurrent.CompletableFuture$AsyncSupply.run(CompletableFuture.java:1773)
 java.base/java.util.concurrent.ThreadPoolExecutor.runWorker(ThreadPoolExecutor.java:1136)
 java.base/java.util.concurrent.ThreadPoolExecutor$Worker.run(ThreadPoolExecutor.java:635)
 java.base/java.lang.Thread.run(Thread.java:833)

Caused by: java.nio.channels.ClosedChannelException: null
 java.base/sun.nio.ch.SocketChannelImpl.ensureOpen(SocketChannelImpl.java:195)
 java.base/sun.nio.ch.SocketChannelImpl.beginConnect(SocketChannelImpl.java:760)
 java.base/sun.nio.ch.SocketChannelImpl.connect(SocketChannelImpl.java:848)
 java.net.http/jdk.internal.net.http.PlainHttpConnection.lambda$connectAsync$0(PlainHttpConnection.java:183)
 java.base/java.security.AccessController.doPrivileged(AccessController.java:569)
 java.net.http/jdk.internal.net.http.PlainHttpConnection.connectAsync(PlainHttpConnection.java:185)
 java.net.http/jdk.internal.net.http.PlainHttpConnection.checkRetryConnect(PlainHttpConnection.java:230)
 java.net.http/jdk.internal.net.http.PlainHttpConnection.lambda$connectAsync$1(PlainHttpConnection.java:206)
 java.base/java.util.concurrent.CompletableFuture.uniHandle(CompletableFuture.java:934)
 java.base/java.util.concurrent.CompletableFuture$UniHandle.tryFire(CompletableFuture.java:911)
 java.base/java.util.concurrent.CompletableFuture.postComplete(CompletableFuture.java:510)
 java.base/java.util.concurrent.CompletableFuture$AsyncSupply.run(CompletableFuture.java:1773)
 java.base/java.util.concurrent.ThreadPoolExecutor.runWorker(ThreadPoolExecutor.java:1136)
 java.base/java.util.concurrent.ThreadPoolExecutor$Worker.run(ThreadPoolExecutor.java:635)
 java.base/java.lang.Thread.run(Thread.java:833)
[ERROR] 2023-03-23 20:47:26.933 [main] ReportManager - org.openqa.selenium.remote.UnreachableBrowserException: Error communicating with the remote browser. It may have died.
Build info: version: '4.5.0', revision: 'fe167b119a'
System info: os.name: 'Windows 10', os.arch: 'amd64', os.version: '10.0', java.version: '17.0.6'
Driver info: org.openqa.selenium.chrome.ChromeDriver
Command: [fd73be0d90cfe48c76b2ec86b52569d4, screenshot {}]
Capabilities {acceptInsecureCerts: true, browserName: chrome, browserVersion: 111.0.5563.66, chrome: {chromedriverVersion: 111.0.5563.64 (c710e93d5b63..., userDataDir: C:\Users\VISTAF~1\AppData\L...}, goog:chromeOptions: {debuggerAddress: localhost:62159}, networkConnectionEnabled: false, pageLoadStrategy: eager, platformName: WINDOWS, proxy: Proxy(), se:cdp: ws://localhost:62159/devtoo..., se:cdpVersion: 111.0.5563.66, setWindowRect: true, strictFileInteractability: false, timeouts: {implicit: 0, pageLoad: 30000, script: 30000}, unhandledPromptBehavior: accept and notify, webauthn:extension:credBlob: true, webauthn:extension:largeBlob: true, webauthn:extension:minPinLength: true, webauthn:extension:prf: true, webauthn:virtualAuthenticators: true}
Session ID: fd73be0d90cfe48c76b2ec86b52569d4
 org.openqa.selenium.remote.RemoteWebDriver.execute(RemoteWebDriver.java:567)
 org.openqa.selenium.remote.RemoteWebDriver.execute(RemoteWebDriver.java:598)
 org.openqa.selenium.remote.RemoteWebDriver.execute(RemoteWebDriver.java:602)
 org.openqa.selenium.remote.RemoteWebDriver.getScreenshotAs(RemoteWebDriver.java:318)
 io.github.shafthq.shaft.gui.image.ScreenshotManager.takeScreenshot(ScreenshotManager.java:426)
 io.github.shafthq.shaft.gui.image.ScreenshotManager.takeScreenshot(ScreenshotManager.java:422)
 io.github.shafthq.shaft.gui.image.ScreenshotManager.internalCaptureScreenShot(ScreenshotManager.java:364)
 io.github.shafthq.shaft.gui.image.ScreenshotManager.captureScreenShot(ScreenshotManager.java:112)
 io.github.shafthq.shaft.gui.browser.BrowserActionsHelpers.reportActionResult(BrowserActionsHelpers.java:100)
 io.github.shafthq.shaft.gui.browser.BrowserActionsHelpers.failAction(BrowserActionsHelpers.java:60)
 io.github.shafthq.shaft.gui.browser.BrowserActionsHelpers.failAction(BrowserActionsHelpers.java:55)
 io.github.shafthq.shaft.gui.browser.BrowserActionsHelpers.navigateToNewURL(BrowserActionsHelpers.java:134)
 com.shaft.gui.browser.BrowserActions.navigateToURL(BrowserActions.java:272)
 com.shaft.gui.browser.BrowserActions.navigateToURL(BrowserActions.java:213)
 io.github.shafthq.shaft.gui.browser.FluentBrowserActions.navigateToURL(FluentBrowserActions.java:108)
 TestPackage.TestBase.SetupDriver(TestBase.java:17)
 java.base/jdk.internal.reflect.NativeMethodAccessorImpl.invoke0(Native Method)
 java.base/jdk.internal.reflect.NativeMethodAccessorImpl.invoke(NativeMethodAccessorImpl.java:77)
 java.base/jdk.internal.reflect.DelegatingMethodAccessorImpl.invoke(DelegatingMethodAccessorImpl.java:43)
 java.base/java.lang.reflect.Method.invoke(Method.java:568)
 org.testng.internal.invokers.MethodInvocationHelper.invokeMethod(MethodInvocationHelper.java:139)
 org.testng.internal.invokers.MethodInvocationHelper.invokeMethodConsideringTimeout(MethodInvocationHelper.java:69)
 org.testng.internal.invokers.ConfigInvoker.invokeConfigurationMethod(ConfigInvoker.java:361)
 org.testng.internal.invokers.ConfigInvoker.invokeConfigurations(ConfigInvoker.java:296)
 org.testng.SuiteRunner.privateRun(SuiteRunner.java:376)
 org.testng.SuiteRunner.run(SuiteRunner.java:330)
 org.testng.SuiteRunnerWorker.runSuite(SuiteRunnerWorker.java:52)
 org.testng.SuiteRunnerWorker.run(SuiteRunnerWorker.java:95)
 org.testng.TestNG.runSuitesSequentially(TestNG.java:1256)
 org.testng.TestNG.runSuitesLocally(TestNG.java:1176)
 org.testng.TestNG.runSuites(TestNG.java:1099)
 org.testng.TestNG.run(TestNG.java:1067)
 com.intellij.rt.testng.IDEARemoteTestNG.run(IDEARemoteTestNG.java:66)
 com.intellij.rt.testng.RemoteTestNGStarter.main(RemoteTestNGStarter.java:109)

Caused by: java.io.UncheckedIOException: java.net.ConnectException
 org.openqa.selenium.remote.http.jdk.JdkHttpClient.execute(JdkHttpClient.java:240)
 org.openqa.selenium.remote.HttpCommandExecutor.execute(HttpCommandExecutor.java:181)
 org.openqa.selenium.remote.service.DriverCommandExecutor.invokeExecute(DriverCommandExecutor.java:167)
 org.openqa.selenium.remote.service.DriverCommandExecutor.execute(DriverCommandExecutor.java:142)
 org.openqa.selenium.remote.RemoteWebDriver.execute(RemoteWebDriver.java:543)
 org.openqa.selenium.remote.RemoteWebDriver.execute(RemoteWebDriver.java:598)
 org.openqa.selenium.remote.RemoteWebDriver.execute(RemoteWebDriver.java:602)
 org.openqa.selenium.remote.RemoteWebDriver.getScreenshotAs(RemoteWebDriver.java:318)
 io.github.shafthq.shaft.gui.image.ScreenshotManager.takeScreenshot(ScreenshotManager.java:426)
 io.github.shafthq.shaft.gui.image.ScreenshotManager.takeScreenshot(ScreenshotManager.java:422)
 io.github.shafthq.shaft.gui.image.ScreenshotManager.internalCaptureScreenShot(ScreenshotManager.java:364)
 io.github.shafthq.shaft.gui.image.ScreenshotManager.captureScreenShot(ScreenshotManager.java:112)
 io.github.shafthq.shaft.gui.browser.BrowserActionsHelpers.reportActionResult(BrowserActionsHelpers.java:100)
 io.github.shafthq.shaft.gui.browser.BrowserActionsHelpers.failAction(BrowserActionsHelpers.java:60)
 io.github.shafthq.shaft.gui.browser.BrowserActionsHelpers.failAction(BrowserActionsHelpers.java:55)
 io.github.shafthq.shaft.gui.browser.BrowserActionsHelpers.navigateToNewURL(BrowserActionsHelpers.java:134)
 com.shaft.gui.browser.BrowserActions.navigateToURL(BrowserActions.java:272)
 com.shaft.gui.browser.BrowserActions.navigateToURL(BrowserActions.java:213)
 io.github.shafthq.shaft.gui.browser.FluentBrowserActions.navigateToURL(FluentBrowserActions.java:108)
 TestPackage.TestBase.SetupDriver(TestBase.java:17)
 java.base/jdk.internal.reflect.NativeMethodAccessorImpl.invoke0(Native Method)
 java.base/jdk.internal.reflect.NativeMethodAccessorImpl.invoke(NativeMethodAccessorImpl.java:77)
 java.base/jdk.internal.reflect.DelegatingMethodAccessorImpl.invoke(DelegatingMethodAccessorImpl.java:43)
 java.base/java.lang.reflect.Method.invoke(Method.java:568)
 org.testng.internal.invokers.MethodInvocationHelper.invokeMethod(MethodInvocationHelper.java:139)
 org.testng.internal.invokers.MethodInvocationHelper.invokeMethodConsideringTimeout(MethodInvocationHelper.java:69)
 org.testng.internal.invokers.ConfigInvoker.invokeConfigurationMethod(ConfigInvoker.java:361)
 org.testng.internal.invokers.ConfigInvoker.invokeConfigurations(ConfigInvoker.java:296)
 org.testng.SuiteRunner.privateRun(SuiteRunner.java:376)
 org.testng.SuiteRunner.run(SuiteRunner.java:330)
 org.testng.SuiteRunnerWorker.runSuite(SuiteRunnerWorker.java:52)
 org.testng.SuiteRunnerWorker.run(SuiteRunnerWorker.java:95)
 org.testng.TestNG.runSuitesSequentially(TestNG.java:1256)
 org.testng.TestNG.runSuitesLocally(TestNG.java:1176)
 org.testng.TestNG.runSuites(TestNG.java:1099)
 org.testng.TestNG.run(TestNG.java:1067)
 com.intellij.rt.testng.IDEARemoteTestNG.run(IDEARemoteTestNG.java:66)
 com.intellij.rt.testng.RemoteTestNGStarter.main(RemoteTestNGStarter.java:109)

Caused by: java.net.ConnectException: null
 java.net.http/jdk.internal.net.http.HttpClientImpl.send(HttpClientImpl.java:573)
 java.net.http/jdk.internal.net.http.HttpClientFacade.send(HttpClientFacade.java:123)
 org.openqa.selenium.remote.http.jdk.JdkHttpClient.execute(JdkHttpClient.java:236)
 org.openqa.selenium.remote.HttpCommandExecutor.execute(HttpCommandExecutor.java:181)
 org.openqa.selenium.remote.service.DriverCommandExecutor.invokeExecute(DriverCommandExecutor.java:167)
 org.openqa.selenium.remote.service.DriverCommandExecutor.execute(DriverCommandExecutor.java:142)
 org.openqa.selenium.remote.RemoteWebDriver.execute(RemoteWebDriver.java:543)
 org.openqa.selenium.remote.RemoteWebDriver.execute(RemoteWebDriver.java:598)
 org.openqa.selenium.remote.RemoteWebDriver.execute(RemoteWebDriver.java:602)
 org.openqa.selenium.remote.RemoteWebDriver.getScreenshotAs(RemoteWebDriver.java:318)
 io.github.shafthq.shaft.gui.image.ScreenshotManager.takeScreenshot(ScreenshotManager.java:426)
 io.github.shafthq.shaft.gui.image.ScreenshotManager.takeScreenshot(ScreenshotManager.java:422)
 io.github.shafthq.shaft.gui.image.ScreenshotManager.internalCaptureScreenShot(ScreenshotManager.java:364)
 io.github.shafthq.shaft.gui.image.ScreenshotManager.captureScreenShot(ScreenshotManager.java:112)
 io.github.shafthq.shaft.gui.browser.BrowserActionsHelpers.reportActionResult(BrowserActionsHelpers.java:100)
 io.github.shafthq.shaft.gui.browser.BrowserActionsHelpers.failAction(BrowserActionsHelpers.java:60)
 io.github.shafthq.shaft.gui.browser.BrowserActionsHelpers.failAction(BrowserActionsHelpers.java:55)
 io.github.shafthq.shaft.gui.browser.BrowserActionsHelpers.navigateToNewURL(BrowserActionsHelpers.java:134)
 com.shaft.gui.browser.BrowserActions.navigateToURL(BrowserActions.java:272)
 com.shaft.gui.browser.BrowserActions.navigateToURL(BrowserActions.java:213)
 io.github.shafthq.shaft.gui.browser.FluentBrowserActions.navigateToURL(FluentBrowserActions.java:108)
 TestPackage.TestBase.SetupDriver(TestBase.java:17)
 java.base/jdk.internal.reflect.NativeMethodAccessorImpl.invoke0(Native Method)
 java.base/jdk.internal.reflect.NativeMethodAccessorImpl.invoke(NativeMethodAccessorImpl.java:77)
 java.base/jdk.internal.reflect.DelegatingMethodAccessorImpl.invoke(DelegatingMethodAccessorImpl.java:43)
 java.base/java.lang.reflect.Method.invoke(Method.java:568)
 org.testng.internal.invokers.MethodInvocationHelper.invokeMethod(MethodInvocationHelper.java:139)
 org.testng.internal.invokers.MethodInvocationHelper.invokeMethodConsideringTimeout(MethodInvocationHelper.java:69)
 org.testng.internal.invokers.ConfigInvoker.invokeConfigurationMethod(ConfigInvoker.java:361)
 org.testng.internal.invokers.ConfigInvoker.invokeConfigurations(ConfigInvoker.java:296)
 org.testng.SuiteRunner.privateRun(SuiteRunner.java:376)
 org.testng.SuiteRunner.run(SuiteRunner.java:330)
 org.testng.SuiteRunnerWorker.runSuite(SuiteRunnerWorker.java:52)
 org.testng.SuiteRunnerWorker.run(SuiteRunnerWorker.java:95)
 org.testng.TestNG.runSuitesSequentially(TestNG.java:1256)
 org.testng.TestNG.runSuitesLocally(TestNG.java:1176)
 org.testng.TestNG.runSuites(TestNG.java:1099)
 org.testng.TestNG.run(TestNG.java:1067)
 com.intellij.rt.testng.IDEARemoteTestNG.run(IDEARemoteTestNG.java:66)
 com.intellij.rt.testng.RemoteTestNGStarter.main(RemoteTestNGStarter.java:109)

Caused by: java.net.ConnectException: null
 java.net.http/jdk.internal.net.http.common.Utils.toConnectException(Utils.java:1047)
 java.net.http/jdk.internal.net.http.PlainHttpConnection.connectAsync(PlainHttpConnection.java:198)
 java.net.http/jdk.internal.net.http.PlainHttpConnection.checkRetryConnect(PlainHttpConnection.java:230)
 java.net.http/jdk.internal.net.http.PlainHttpConnection.lambda$connectAsync$1(PlainHttpConnection.java:206)
 java.base/java.util.concurrent.CompletableFuture.uniHandle(CompletableFuture.java:934)
 java.base/java.util.concurrent.CompletableFuture$UniHandle.tryFire(CompletableFuture.java:911)
 java.base/java.util.concurrent.CompletableFuture.postComplete(CompletableFuture.java:510)
 java.base/java.util.concurrent.CompletableFuture$AsyncSupply.run(CompletableFuture.java:1773)
 java.base/java.util.concurrent.ThreadPoolExecutor.runWorker(ThreadPoolExecutor.java:1136)
 java.base/java.util.concurrent.ThreadPoolExecutor$Worker.run(ThreadPoolExecutor.java:635)
 java.base/java.lang.Thread.run(Thread.java:833)

Caused by: java.nio.channels.ClosedChannelException: null
 java.base/sun.nio.ch.SocketChannelImpl.ensureOpen(SocketChannelImpl.java:195)
 java.base/sun.nio.ch.SocketChannelImpl.beginConnect(SocketChannelImpl.java:760)
 java.base/sun.nio.ch.SocketChannelImpl.connect(SocketChannelImpl.java:848)
 java.net.http/jdk.internal.net.http.PlainHttpConnection.lambda$connectAsync$0(PlainHttpConnection.java:183)
 java.base/java.security.AccessController.doPrivileged(AccessController.java:569)
 java.net.http/jdk.internal.net.http.PlainHttpConnection.connectAsync(PlainHttpConnection.java:185)
 java.net.http/jdk.internal.net.http.PlainHttpConnection.checkRetryConnect(PlainHttpConnection.java:230)
 java.net.http/jdk.internal.net.http.PlainHttpConnection.lambda$connectAsync$1(PlainHttpConnection.java:206)
 java.base/java.util.concurrent.CompletableFuture.uniHandle(CompletableFuture.java:934)
 java.base/java.util.concurrent.CompletableFuture$UniHandle.tryFire(CompletableFuture.java:911)
 java.base/java.util.concurrent.CompletableFuture.postComplete(CompletableFuture.java:510)
 java.base/java.util.concurrent.CompletableFuture$AsyncSupply.run(CompletableFuture.java:1773)
 java.base/java.util.concurrent.ThreadPoolExecutor.runWorker(ThreadPoolExecutor.java:1136)
 java.base/java.util.concurrent.ThreadPoolExecutor$Worker.run(ThreadPoolExecutor.java:635)
 java.base/java.lang.Thread.run(Thread.java:833)
[INFO ] 2023-03-23 20:47:27.054 [main] ReportManager - Successfully created attachment 'Browser Action Exception - Navigate to new url - Stacktrace'
[ERROR] 2023-03-23 20:47:27.328 [main] AllureLifecycle - Could not update test container: container with uuid 7af65b44-520a-4e43-9242-e5252d08ff21 not found
[INFO ] 2023-03-23 20:47:29.997 [main] ReportManager - 
------------------------------------------------------------------------------------------------------------------------------------------------
       Starting execution of suite setup configuration method
'io.github.shafthq.shaft.listeners.helpers.ConfigurationHelper.suiteSetup'       
------------------------------------------------------------------------------------------------------------------------------------------------
[INFO ] 2023-03-23 20:47:30.002 [main] ReportManager - Initializing Important Links...
[INFO ] 2023-03-23 20:47:30.004 [main] ReportManager - Initializing Properties...
[INFO ] 2023-03-23 20:47:30.194 [main] ReportManager - 
------------------------------------------------------------------------------------------------------------------------------------------------
         Starting Execution: '1 out of 1' test cases in the current suite
Test Method: 'TestPackage.LoginTC.loginWithValidCredentials'         
------------------------------------------------------------------------------------------------------------------------------------------------
[INFO ] 2023-03-23 20:47:30.282 [main] ReportManager - Successfully created attachment 'SHAFT Engine Logs - Current Method log: loginWithValidCredentials'
[INFO ] 2023-03-23 20:47:30.342 [main] ReportManager - 
------------------------------------------------------------------------------------------------------------------------------------------------
    Starting execution of suite teardown configuration method
'io.github.shafthq.shaft.listeners.helpers.ConfigurationHelper.suiteTeardown'    
------------------------------------------------------------------------------------------------------------------------------------------------
[INFO ] 2023-03-23 20:47:30.344 [main] ReportManager - Successfully created attachment 'SHAFT Engine Logs - Execution log'
[INFO ] 2023-03-23 20:47:30.347 [main] ReportManager - File Action "DoesFileExist" successfully performed. With the following test data "File Path: "target/logs/log4j.log"".
[INFO ] 2023-03-23 20:47:30.348 [main] ReportManager - File Action "GetAbsolutePath" successfully performed. With the following test data "Relative Folder Path: "target/logs/log4j.log"".
