{"uuid":"eea1822b-209e-4c8f-9121-a2ee169816ce","name":"Suite","children":["fd29de93-60ab-445c-89b9-f28e58ba3d05","7af65b44-520a-4e43-9242-e5252d08ff21"],"befores":[{"name":"SetupDriver","status":"failed","statusDetails":{"known":false,"muted":false,"flaky":false,"message":"Navigate to new url failed \"https://staging.mazaady.com/login\".","trace":"java.lang.AssertionError: Navigate to new url failed \"https://staging.mazaady.com/login\".\r\n\tat org.testng.Assert.fail(Assert.java:98)\r\n\tat io.github.shafthq.shaft.gui.browser.BrowserActionsHelpers.failAction(BrowserActionsHelpers.java:62)\r\n\tat io.github.shafthq.shaft.gui.browser.BrowserActionsHelpers.failAction(BrowserActionsHelpers.java:55)\r\n\tat io.github.shafthq.shaft.gui.browser.BrowserActionsHelpers.navigateToNewURL(BrowserActionsHelpers.java:134)\r\n\tat com.shaft.gui.browser.BrowserActions.navigateToURL(BrowserActions.java:272)\r\n\tat com.shaft.gui.browser.BrowserActions.navigateToURL(BrowserActions.java:213)\r\n\tat io.github.shafthq.shaft.gui.browser.FluentBrowserActions.navigateToURL(FluentBrowserActions.java:108)\r\n\tat TestPackage.TestBase.SetupDriver(TestBase.java:17)\r\n\tat java.base/jdk.internal.reflect.NativeMethodAccessorImpl.invoke0(Native Method)\r\n\tat java.base/jdk.internal.reflect.NativeMethodAccessorImpl.invoke(NativeMethodAccessorImpl.java:77)\r\n\tat java.base/jdk.internal.reflect.DelegatingMethodAccessorImpl.invoke(DelegatingMethodAccessorImpl.java:43)\r\n\tat java.base/java.lang.reflect.Method.invoke(Method.java:568)\r\n\tat org.testng.internal.invokers.MethodInvocationHelper.invokeMethod(MethodInvocationHelper.java:139)\r\n\tat org.testng.internal.invokers.MethodInvocationHelper.invokeMethodConsideringTimeout(MethodInvocationHelper.java:69)\r\n\tat org.testng.internal.invokers.ConfigInvoker.invokeConfigurationMethod(ConfigInvoker.java:361)\r\n\tat org.testng.internal.invokers.ConfigInvoker.invokeConfigurations(ConfigInvoker.java:296)\r\n\tat org.testng.SuiteRunner.privateRun(SuiteRunner.java:376)\r\n\tat org.testng.SuiteRunner.run(SuiteRunner.java:330)\r\n\tat org.testng.SuiteRunnerWorker.runSuite(SuiteRunnerWorker.java:52)\r\n\tat org.testng.SuiteRunnerWorker.run(SuiteRunnerWorker.java:95)\r\n\tat org.testng.TestNG.runSuitesSequentially(TestNG.java:1256)\r\n\tat org.testng.TestNG.runSuitesLocally(TestNG.java:1176)\r\n\tat org.testng.TestNG.runSuites(TestNG.java:1099)\r\n\tat org.testng.TestNG.run(TestNG.java:1067)\r\n\tat com.intellij.rt.testng.IDEARemoteTestNG.run(IDEARemoteTestNG.java:66)\r\n\tat com.intellij.rt.testng.RemoteTestNGStarter.main(RemoteTestNGStarter.java:109)\r\nCaused by: org.openqa.selenium.remote.UnreachableBrowserException: Error communicating with the remote browser. It may have died.\nBuild info: version: '4.5.0', revision: 'fe167b119a'\nSystem info: os.name: 'Windows 10', os.arch: 'amd64', os.version: '10.0', java.version: '17.0.6'\nDriver info: org.openqa.selenium.chrome.ChromeDriver\nCommand: [fd73be0d90cfe48c76b2ec86b52569d4, get {url=https://staging.mazaady.com/login}]\nCapabilities {acceptInsecureCerts: true, browserName: chrome, browserVersion: 111.0.5563.66, chrome: {chromedriverVersion: 111.0.5563.64 (c710e93d5b63..., userDataDir: C:\\Users\\VISTAF~1\\AppData\\L...}, goog:chromeOptions: {debuggerAddress: localhost:62159}, networkConnectionEnabled: false, pageLoadStrategy: eager, platformName: WINDOWS, proxy: Proxy(), se:cdp: ws://localhost:62159/devtoo..., se:cdpVersion: 111.0.5563.66, setWindowRect: true, strictFileInteractability: false, timeouts: {implicit: 0, pageLoad: 30000, script: 30000}, unhandledPromptBehavior: accept and notify, webauthn:extension:credBlob: true, webauthn:extension:largeBlob: true, webauthn:extension:minPinLength: true, webauthn:extension:prf: true, webauthn:virtualAuthenticators: true}\nSession ID: fd73be0d90cfe48c76b2ec86b52569d4\r\n\tat org.openqa.selenium.remote.RemoteWebDriver.execute(RemoteWebDriver.java:567)\r\n\tat org.openqa.selenium.remote.RemoteWebDriver.get(RemoteWebDriver.java:297)\r\n\tat org.openqa.selenium.remote.RemoteWebDriver$RemoteNavigation.to(RemoteWebDriver.java:983)\r\n\tat io.github.shafthq.shaft.gui.browser.BrowserActionsHelpers.navigateToNewURL(BrowserActionsHelpers.java:132)\r\n\t... 22 more\r\nCaused by: java.io.UncheckedIOException: java.io.IOException: HTTP/1.1 header parser received no bytes\r\n\tat org.openqa.selenium.remote.http.jdk.JdkHttpClient.execute(JdkHttpClient.java:240)\r\n\tat org.openqa.selenium.remote.HttpCommandExecutor.execute(HttpCommandExecutor.java:181)\r\n\tat org.openqa.selenium.remote.service.DriverCommandExecutor.invokeExecute(DriverCommandExecutor.java:167)\r\n\tat org.openqa.selenium.remote.service.DriverCommandExecutor.execute(DriverCommandExecutor.java:142)\r\n\tat org.openqa.selenium.remote.RemoteWebDriver.execute(RemoteWebDriver.java:543)\r\n\t... 25 more\r\nCaused by: java.io.IOException: HTTP/1.1 header parser received no bytes\r\n\tat java.net.http/jdk.internal.net.http.HttpClientImpl.send(HttpClientImpl.java:586)\r\n\tat java.net.http/jdk.internal.net.http.HttpClientFacade.send(HttpClientFacade.java:123)\r\n\tat org.openqa.selenium.remote.http.jdk.JdkHttpClient.execute(JdkHttpClient.java:236)\r\n\t... 29 more\r\nCaused by: java.io.IOException: HTTP/1.1 header parser received no bytes\r\n\tat java.net.http/jdk.internal.net.http.common.Utils.wrapWithExtraDetail(Utils.java:348)\r\n\tat java.net.http/jdk.internal.net.http.Http1Response$HeadersReader.onReadError(Http1Response.java:675)\r\n\tat java.net.http/jdk.internal.net.http.Http1AsyncReceiver.checkForErrors(Http1AsyncReceiver.java:302)\r\n\tat java.net.http/jdk.internal.net.http.Http1AsyncReceiver.flush(Http1AsyncReceiver.java:268)\r\n\tat java.net.http/jdk.internal.net.http.common.SequentialScheduler$LockingRestartableTask.run(SequentialScheduler.java:205)\r\n\tat java.net.http/jdk.internal.net.http.common.SequentialScheduler$CompleteRestartableTask.run(SequentialScheduler.java:149)\r\n\tat java.net.http/jdk.internal.net.http.common.SequentialScheduler$SchedulableTask.run(SequentialScheduler.java:230)\r\n\tat java.base/java.util.concurrent.ThreadPoolExecutor.runWorker(ThreadPoolExecutor.java:1136)\r\n\tat java.base/java.util.concurrent.ThreadPoolExecutor$Worker.run(ThreadPoolExecutor.java:635)\r\n\tat java.base/java.lang.Thread.run(Thread.java:833)\r\nCaused by: java.net.SocketException: Connection reset\r\n\tat java.base/sun.nio.ch.SocketChannelImpl.throwConnectionReset(SocketChannelImpl.java:394)\r\n\tat java.base/sun.nio.ch.SocketChannelImpl.read(SocketChannelImpl.java:426)\r\n\tat java.net.http/jdk.internal.net.http.SocketTube.readAvailable(SocketTube.java:1170)\r\n\tat java.net.http/jdk.internal.net.http.SocketTube$InternalReadPublisher$InternalReadSubscription.read(SocketTube.java:833)\r\n\tat java.net.http/jdk.internal.net.http.SocketTube$SocketFlowTask.run(SocketTube.java:181)\r\n\tat java.net.http/jdk.internal.net.http.common.SequentialScheduler$SchedulableTask.run(SequentialScheduler.java:230)\r\n\tat java.net.http/jdk.internal.net.http.common.SequentialScheduler.runOrSchedule(SequentialScheduler.java:303)\r\n\tat java.net.http/jdk.internal.net.http.common.SequentialScheduler.runOrSchedule(SequentialScheduler.java:256)\r\n\tat java.net.http/jdk.internal.net.http.SocketTube$InternalReadPublisher$InternalReadSubscription.signalReadable(SocketTube.java:774)\r\n\tat java.net.http/jdk.internal.net.http.SocketTube$InternalReadPublisher$ReadEvent.signalEvent(SocketTube.java:957)\r\n\tat java.net.http/jdk.internal.net.http.SocketTube$SocketFlowEvent.handle(SocketTube.java:253)\r\n\tat java.net.http/jdk.internal.net.http.HttpClientImpl$SelectorManager.handleEvent(HttpClientImpl.java:979)\r\n\tat java.net.http/jdk.internal.net.http.HttpClientImpl$SelectorManager.lambda$run$3(HttpClientImpl.java:934)\r\n\tat java.base/java.util.ArrayList.forEach(ArrayList.java:1511)\r\n\tat java.net.http/jdk.internal.net.http.HttpClientImpl$SelectorManager.run(HttpClientImpl.java:934)\r\n"},"stage":"finished","description":"","steps":[{"name":"Successfully Opened: \"Windows-64 | Google chrome\".","status":"passed","stage":"finished","steps":[],"attachments":[],"parameters":[],"start":1679597237129,"stop":1679597237131},{"name":"Navigate to new url failed \"https://staging.mazaady.com/login\".","status":"passed","stage":"finished","steps":[],"attachments":[{"name":"Browser Action Exception - Navigate to new url - Stacktrace","source":"39f7f900-838d-4396-8291-81705a192be8-attachment"}],"parameters":[{"name":"logText","value":"Navigate to new url failed \"https://staging.mazaady.com/login\"."},{"name":"attachments","value":"[[Browser Action Exception - Navigate to new url, Stacktrace, org.openqa.selenium.remote.UnreachableBrowserException: Error communicating with the remote browser. It may have died.\nBuild info: version: '4.5.0', revision: 'fe167b119a'\nSystem info: os.name: 'Windows 10', os.arch: 'amd64', os.version: '10.0', java.version: '17.0.6'\nDriver info: org.openqa.selenium.chrome.ChromeDriver\nCommand: [fd73be0d90cfe48c76b2ec86b52569d4, get {url=https://staging.mazaady.com/login}]\nCapabilities {acceptInsecureCerts: true, browserName: chrome, browserVersion: 111.0.5563.66, chrome: {chromedriverVersion: 111.0.5563.64 (c710e93d5b63..., userDataDir: C:\\Users\\VISTAF~1\\AppData\\L...}, goog:chromeOptions: {debuggerAddress: localhost:62159}, networkConnectionEnabled: false, pageLoadStrategy: eager, platformName: WINDOWS, proxy: Proxy(), se:cdp: ws://localhost:62159/devtoo..., se:cdpVersion: 111.0.5563.66, setWindowRect: true, strictFileInteractability: false, timeouts: {implicit: 0, pageLoad: 30000, script: 30000}, unhandledPromptBehavior: accept and notify, webauthn:extension:credBlob: true, webauthn:extension:largeBlob: true, webauthn:extension:minPinLength: true, webauthn:extension:prf: true, webauthn:virtualAuthenticators: true}\nSession ID: fd73be0d90cfe48c76b2ec86b52569d4\r\n org.openqa.selenium.remote.RemoteWebDriver.execute(RemoteWebDriver.java:567)\r\n org.openqa.selenium.remote.RemoteWebDriver.get(RemoteWebDriver.java:297)\r\n org.openqa.selenium.remote.RemoteWebDriver$RemoteNavigation.to(RemoteWebDriver.java:983)\r\n io.github.shafthq.shaft.gui.browser.BrowserActionsHelpers.navigateToNewURL(BrowserActionsHelpers.java:132)\r\n com.shaft.gui.browser.BrowserActions.navigateToURL(BrowserActions.java:272)\r\n com.shaft.gui.browser.BrowserActions.navigateToURL(BrowserActions.java:213)\r\n io.github.shafthq.shaft.gui.browser.FluentBrowserActions.navigateToURL(FluentBrowserActions.java:108)\r\n TestPackage.TestBase.SetupDriver(TestBase.java:17)\r\n java.base/jdk.internal.reflect.NativeMethodAccessorImpl.invoke0(Native Method)\r\n java.base/jdk.internal.reflect.NativeMethodAccessorImpl.invoke(NativeMethodAccessorImpl.java:77)\r\n java.base/jdk.internal.reflect.DelegatingMethodAccessorImpl.invoke(DelegatingMethodAccessorImpl.java:43)\r\n java.base/java.lang.reflect.Method.invoke(Method.java:568)\r\n org.testng.internal.invokers.MethodInvocationHelper.invokeMethod(MethodInvocationHelper.java:139)\r\n org.testng.internal.invokers.MethodInvocationHelper.invokeMethodConsideringTimeout(MethodInvocationHelper.java:69)\r\n org.testng.internal.invokers.ConfigInvoker.invokeConfigurationMethod(ConfigInvoker.java:361)\r\n org.testng.internal.invokers.ConfigInvoker.invokeConfigurations(ConfigInvoker.java:296)\r\n org.testng.SuiteRunner.privateRun(SuiteRunner.java:376)\r\n org.testng.SuiteRunner.run(SuiteRunner.java:330)\r\n org.testng.SuiteRunnerWorker.runSuite(SuiteRunnerWorker.java:52)\r\n org.testng.SuiteRunnerWorker.run(SuiteRunnerWorker.java:95)\r\n org.testng.TestNG.runSuitesSequentially(TestNG.java:1256)\r\n org.testng.TestNG.runSuitesLocally(TestNG.java:1176)\r\n org.testng.TestNG.runSuites(TestNG.java:1099)\r\n org.testng.TestNG.run(TestNG.java:1067)\r\n com.intellij.rt.testng.IDEARemoteTestNG.run(IDEARemoteTestNG.java:66)\r\n com.intellij.rt.testng.RemoteTestNGStarter.main(RemoteTestNGStarter.java:109)\r\n\r\nCaused by: java.io.UncheckedIOException: java.io.IOException: HTTP/1.1 header parser received no bytes\r\n org.openqa.selenium.remote.http.jdk.JdkHttpClient.execute(JdkHttpClient.java:240)\r\n org.openqa.selenium.remote.HttpCommandExecutor.execute(HttpCommandExecutor.java:181)\r\n org.openqa.selenium.remote.service.DriverCommandExecutor.invokeExecute(DriverCommandExecutor.java:167)\r\n org.openqa.selenium.remote.service.DriverCommandExecutor.execute(DriverCommandExecutor.java:142)\r\n org.openqa.selenium.remote.RemoteWebDriver.execute(RemoteWebDriver.java:543)\r\n org.openqa.selenium.remote.RemoteWebDriver.get(RemoteWebDriver.java:297)\r\n org.openqa.selenium.remote.RemoteWebDriver$RemoteNavigation.to(RemoteWebDriver.java:983)\r\n io.github.shafthq.shaft.gui.browser.BrowserActionsHelpers.navigateToNewURL(BrowserActionsHelpers.java:132)\r\n com.shaft.gui.browser.BrowserActions.navigateToURL(BrowserActions.java:272)\r\n com.shaft.gui.browser.BrowserActions.navigateToURL(BrowserActions.java:213)\r\n io.github.shafthq.shaft.gui.browser.FluentBrowserActions.navigateToURL(FluentBrowserActions.java:108)\r\n TestPackage.TestBase.SetupDriver(TestBase.java:17)\r\n java.base/jdk.internal.reflect.NativeMethodAccessorImpl.invoke0(Native Method)\r\n java.base/jdk.internal.reflect.NativeMethodAccessorImpl.invoke(NativeMethodAccessorImpl.java:77)\r\n java.base/jdk.internal.reflect.DelegatingMethodAccessorImpl.invoke(DelegatingMethodAccessorImpl.java:43)\r\n java.base/java.lang.reflect.Method.invoke(Method.java:568)\r\n org.testng.internal.invokers.MethodInvocationHelper.invokeMethod(MethodInvocationHelper.java:139)\r\n org.testng.internal.invokers.MethodInvocationHelper.invokeMethodConsideringTimeout(MethodInvocationHelper.java:69)\r\n org.testng.internal.invokers.ConfigInvoker.invokeConfigurationMethod(ConfigInvoker.java:361)\r\n org.testng.internal.invokers.ConfigInvoker.invokeConfigurations(ConfigInvoker.java:296)\r\n org.testng.SuiteRunner.privateRun(SuiteRunner.java:376)\r\n org.testng.SuiteRunner.run(SuiteRunner.java:330)\r\n org.testng.SuiteRunnerWorker.runSuite(SuiteRunnerWorker.java:52)\r\n org.testng.SuiteRunnerWorker.run(SuiteRunnerWorker.java:95)\r\n org.testng.TestNG.runSuitesSequentially(TestNG.java:1256)\r\n org.testng.TestNG.runSuitesLocally(TestNG.java:1176)\r\n org.testng.TestNG.runSuites(TestNG.java:1099)\r\n org.testng.TestNG.run(TestNG.java:1067)\r\n com.intellij.rt.testng.IDEARemoteTestNG.run(IDEARemoteTestNG.java:66)\r\n com.intellij.rt.testng.RemoteTestNGStarter.main(RemoteTestNGStarter.java:109)\r\n\r\nCaused by: java.io.IOException: HTTP/1.1 header parser received no bytes\r\n java.net.http/jdk.internal.net.http.HttpClientImpl.send(HttpClientImpl.java:586)\r\n java.net.http/jdk.internal.net.http.HttpClientFacade.send(HttpClientFacade.java:123)\r\n org.openqa.selenium.remote.http.jdk.JdkHttpClient.execute(JdkHttpClient.java:236)\r\n org.openqa.selenium.remote.HttpCommandExecutor.execute(HttpCommandExecutor.java:181)\r\n org.openqa.selenium.remote.service.DriverCommandExecutor.invokeExecute(DriverCommandExecutor.java:167)\r\n org.openqa.selenium.remote.service.DriverCommandExecutor.execute(DriverCommandExecutor.java:142)\r\n org.openqa.selenium.remote.RemoteWebDriver.execute(RemoteWebDriver.java:543)\r\n org.openqa.selenium.remote.RemoteWebDriver.get(RemoteWebDriver.java:297)\r\n org.openqa.selenium.remote.RemoteWebDriver$RemoteNavigation.to(RemoteWebDriver.java:983)\r\n io.github.shafthq.shaft.gui.browser.BrowserActionsHelpers.navigateToNewURL(BrowserActionsHelpers.java:132)\r\n com.shaft.gui.browser.BrowserActions.navigateToURL(BrowserActions.java:272)\r\n com.shaft.gui.browser.BrowserActions.navigateToURL(BrowserActions.java:213)\r\n io.github.shafthq.shaft.gui.browser.FluentBrowserActions.navigateToURL(FluentBrowserActions.java:108)\r\n TestPackage.TestBase.SetupDriver(TestBase.java:17)\r\n java.base/jdk.internal.reflect.NativeMethodAccessorImpl.invoke0(Native Method)\r\n java.base/jdk.internal.reflect.NativeMethodAccessorImpl.invoke(NativeMethodAccessorImpl.java:77)\r\n java.base/jdk.internal.reflect.DelegatingMethodAccessorImpl.invoke(DelegatingMethodAccessorImpl.java:43)\r\n java.base/java.lang.reflect.Method.invoke(Method.java:568)\r\n org.testng.internal.invokers.MethodInvocationHelper.invokeMethod(MethodInvocationHelper.java:139)\r\n org.testng.internal.invokers.MethodInvocationHelper.invokeMethodConsideringTimeout(MethodInvocationHelper.java:69)\r\n org.testng.internal.invokers.ConfigInvoker.invokeConfigurationMethod(ConfigInvoker.java:361)\r\n org.testng.internal.invokers.ConfigInvoker.invokeConfigurations(ConfigInvoker.java:296)\r\n org.testng.SuiteRunner.privateRun(SuiteRunner.java:376)\r\n org.testng.SuiteRunner.run(SuiteRunner.java:330)\r\n org.testng.SuiteRunnerWorker.runSuite(SuiteRunnerWorker.java:52)\r\n org.testng.SuiteRunnerWorker.run(SuiteRunnerWorker.java:95)\r\n org.testng.TestNG.runSuitesSequentially(TestNG.java:1256)\r\n org.testng.TestNG.runSuitesLocally(TestNG.java:1176)\r\n org.testng.TestNG.runSuites(TestNG.java:1099)\r\n org.testng.TestNG.run(TestNG.java:1067)\r\n com.intellij.rt.testng.IDEARemoteTestNG.run(IDEARemoteTestNG.java:66)\r\n com.intellij.rt.testng.RemoteTestNGStarter.main(RemoteTestNGStarter.java:109)\r\n\r\nCaused by: java.io.IOException: HTTP/1.1 header parser received no bytes\r\n java.net.http/jdk.internal.net.http.common.Utils.wrapWithExtraDetail(Utils.java:348)\r\n java.net.http/jdk.internal.net.http.Http1Response$HeadersReader.onReadError(Http1Response.java:675)\r\n java.net.http/jdk.internal.net.http.Http1AsyncReceiver.checkForErrors(Http1AsyncReceiver.java:302)\r\n java.net.http/jdk.internal.net.http.Http1AsyncReceiver.flush(Http1AsyncReceiver.java:268)\r\n java.net.http/jdk.internal.net.http.common.SequentialScheduler$LockingRestartableTask.run(SequentialScheduler.java:205)\r\n java.net.http/jdk.internal.net.http.common.SequentialScheduler$CompleteRestartableTask.run(SequentialScheduler.java:149)\r\n java.net.http/jdk.internal.net.http.common.SequentialScheduler$SchedulableTask.run(SequentialScheduler.java:230)\r\n java.base/java.util.concurrent.ThreadPoolExecutor.runWorker(ThreadPoolExecutor.java:1136)\r\n java.base/java.util.concurrent.ThreadPoolExecutor$Worker.run(ThreadPoolExecutor.java:635)\r\n java.base/java.lang.Thread.run(Thread.java:833)\r\n\r\nCaused by: java.net.SocketException: Connection reset\r\n java.base/sun.nio.ch.SocketChannelImpl.throwConnectionReset(SocketChannelImpl.java:394)\r\n java.base/sun.nio.ch.SocketChannelImpl.read(SocketChannelImpl.java:426)\r\n java.net.http/jdk.internal.net.http.SocketTube.readAvailable(SocketTube.java:1170)\r\n java.net.http/jdk.internal.net.http.SocketTube$InternalReadPublisher$InternalReadSubscription.read(SocketTube.java:833)\r\n java.net.http/jdk.internal.net.http.SocketTube$SocketFlowTask.run(SocketTube.java:181)\r\n java.net.http/jdk.internal.net.http.common.SequentialScheduler$SchedulableTask.run(SequentialScheduler.java:230)\r\n java.net.http/jdk.internal.net.http.common.SequentialScheduler.runOrSchedule(SequentialScheduler.java:303)\r\n java.net.http/jdk.internal.net.http.common.SequentialScheduler.runOrSchedule(SequentialScheduler.java:256)\r\n java.net.http/jdk.internal.net.http.SocketTube$InternalReadPublisher$InternalReadSubscription.signalReadable(SocketTube.java:774)\r\n java.net.http/jdk.internal.net.http.SocketTube$InternalReadPublisher$ReadEvent.signalEvent(SocketTube.java:957)\r\n java.net.http/jdk.internal.net.http.SocketTube$SocketFlowEvent.handle(SocketTube.java:253)\r\n java.net.http/jdk.internal.net.http.HttpClientImpl$SelectorManager.handleEvent(HttpClientImpl.java:979)\r\n java.net.http/jdk.internal.net.http.HttpClientImpl$SelectorManager.lambda$run$3(HttpClientImpl.java:934)\r\n java.base/java.util.ArrayList.forEach(ArrayList.java:1511)\r\n java.net.http/jdk.internal.net.http.HttpClientImpl$SelectorManager.run(HttpClientImpl.java:934)\r\n], []]"}],"start":1679597247021,"stop":1679597247059}],"attachments":[],"parameters":[],"start":1679597228277,"stop":1679597247093},{"name":"Initializing Engine","status":"passed","stage":"finished","description":"Initializing Engine","steps":[{"name":"Property Files","status":"passed","stage":"finished","steps":[],"attachments":[],"parameters":[{"name":"customLog","value":"Property Files"},{"name":"attachments","value":"[[Properties, browserStack, #Based on BrowserStack capability builder\n# For Mobile Native https://www.browserstack.com/app-automate/capabilities?tag=w3c\n# For Web https://www.browserstack.com/automate/capabilities?tag=selenium-4\n#In case of Mobile Native testing:\n#You must set the \"targetOperatingSystem\" property under \"ExecutionPlatform.properties\" or programmatically\n#You must set the \"mobile_automationName\" property under \"MobileCapabilities.properties\" or programmatically\n#Below properties are all required\nbrowserStack.username=mohabmohie1\nbrowserStack.accessKey=7E7PgzBtwk4sWLUcF8Y5\n#Below properties are needed for native mobile app testing:\n#Required\nbrowserStack.platformVersion=\nbrowserStack.deviceName=\n#Use appUrl to test a previously uploaded app file\nbrowserStack.appUrl=\n#Use appName and appRelativeFilePath to upload a new app file and test it\nbrowserStack.appName=\nbrowserStack.appRelativeFilePath=\n#In case of Desktop web testing:\n#You must set the \"targetOperatingSystem\" property under \"ExecutionPlatform.properties\" or programmatically\n#You must set the \"targetBrowserName\" property under \"ExecutionPlatform.properties\" or programmatically\n#Required\nbrowserStack.osVersion=\n#optional, uses random by default\nbrowserStack.browserVersion=\n#Do not change these unless you know what you're doing\nbrowserStack.local=false\nbrowserStack.seleniumVersion=4.7.2\nbrowserStack.appiumVersion=2.0.0\nbrowserStack.acceptInsecureCerts=true\nbrowserStack.debug=true\nbrowserStack.networkLogs=true\n#Optional extra settings\n#Enterprise accounts only: https://www.browserstack.com/ip-geolocation\nbrowserStack.geoLocation=\n], [Properties, cucumber, #############\n# https://cucumber.io/docs/cucumber/api/#list-configuration-options\n##############\ncucumber.ansi-colors.disabled=false\n#true or false. default: false\ncucumber.execution.dry-run=false\n#true or false. default: false\ncucumber.execution.limit=\n#number of scenarios to execute (CLI only).\ncucumber.execution.order=lexical\n#lexical, reverse, random or random:[seed] (CLI only). default: lexical\ncucumber.execution.strict=true\n#true or false. default: true.\ncucumber.execution.wip=false\n#true or false. default: false.\ncucumber.features=src/test/resources\n#comma separated paths to feature files. example: path/to/example.feature, path/to/other.feature\ncucumber.filter.name=\n#regex. example: .*Hello.*\ncucumber.filter.tags=\n#tag expression. example: @smoke and not @slow\ncucumber.glue=customCucumberSteps, com.shaft.cucumber\n# comma separated package names. example: com.example.glue\ncucumber.plugin=pretty, json:allure-results/cucumber.json, html:allure-results/cucumberReport.html, io.github.shafthq.shaft.listeners.CucumberTestRunnerListener\n# comma separated plugin strings. example: pretty, json:path/to/report.json\ncucumber.object-factory=\n#object factory class name. example: com.example.MyObjectFactory\ncucumber.snippet-type=underscore\n#underscore or camelcase. default: underscore\ncucumber.publish.quiet=true], [Properties, customWebdriverCapabilities, # Use this to add any custom capabilities\n# This includes SeeTest Continuous Testing cloud platform capabilities: https://docs.experitest.com/display/TE/Application+Setup\ncapabilities.accessKey=\ncapabilities.appiumVersion=\ncapabilities.deviceQuery=], [Properties, default, ], [Properties, ExecutionPlatform, ###################################################\n##### SHAFT_Engine: ExecutionPlatform.properties\n###################################################\nSHAFT.CrossBrowserMode=off\nexecutionAddress=local\ntargetOperatingSystem=Linux\ncom.SHAFT.proxySettings=\n###################################################\n##### END of PropertiesHelper File\n###################################################], [Properties, healenium, recovery-tries=1\nscore-cap=0.5\nheal-enabled=false\nserverHost=localhost\nserverPort=7878\nimitatePort=8000], [Properties, internal, shaftEngineVersion=SHAFT Engine v7.1.20230130\nwatermarkImagePath=images/shaft_white_bg.png\nallureVersion=2.20.1\n], [Properties, JiraXRay, ###################################################\n##### SHAFT_Engine: JiraXRay.properties\n###################################################\njiraInteraction=false\njiraUrl=https://\nprojectKey=\nauthorization=:\nreportTestCasesExecution=false\nreportPath=target/surefire-reports/testng-results.xml\nExecutionName=\nExecutionDescription=\nReportBugs=false\nassignee=\nallure.link.tms.pattern=https:///{} \nallure.link.custom.pattern={}\n###################################################\n##### END of PropertiesHelper File\n###################################################], [Properties, log4j2, name=PropertiesConfig\nappender.console.type=Console\nappender.console.name=STDOUT\nappender.console.layout.type=PatternLayout\nappender.console.layout.disableAnsi=false\nappender.console.layout.pattern=%style{%d{hh:mm:ss a}}{bright_black}  %style{@%-18thread{18}}{bright_black} | %style{%-42logger{42}}{fg_#0060a8} | %highlight{%-5p}{FATAL=red blink, ERROR=red bold, WARN=yellow bold, INFO=fg_#43b02a bold, DEBUG=black bold, TRACE=black} | %m%n${LOG_EXCEPTION_CONVERSION_WORD:-}\nappender.console.filter.threshold.type=ThresholdFilter\nappender.console.filter.threshold.level=info\nappender.file.type=File\nappender.file.name=LOGFILE\nappender.file.fileName=target/logs/log4j.log\nappender.file.layout.type=PatternLayout\nappender.file.layout.pattern=[%-5level] %d{yyyy-MM-dd HH:mm:ss.SSS} [%t] %c{1} - %msg%n\nappender.file.filter.threshold.type=ThresholdFilter\nappender.file.filter.threshold.level=debug\nrootLogger=debug, STDOUT, LOGFILE\nlogger.app.name=org.apache.http.impl.client\nlogger.app.level=WARN], [Properties, MobileCapabilities, ###################################################\n##### SHAFT_Engine: MobileCapabilities.properties\n###################################################\nmobile_platformVersion=\nmobile_deviceName=\nmobile_automationName=UIAutomator2\nmobile_udid=\nmobile_browserName=\nMobileBrowserVersion=\nmobile_app=\nmobile_appPackage=\nmobile_appActivity=\n###################################################\n##### END of PropertiesHelper File\n###################################################], [Properties, path, ###################################################\n##### SHAFT_Engine Path PropertiesHelper\n###################################################\npropertiesFolderPath=src/main/resources/properties/\ndynamicObjectRepositoryPath=src/main/resources/dynamicObjectRepository/\ntestDataFolderPath=src/test/resources/testDataFiles/\ndownloadsFolderPath=target/downloadedFiles/\nallureResultsFolderPath=allure-results/\nextentReportsFolderPath=extent-reports/\nvideo.folder=allure-results/videos\napplitoolsApiKey=\n###################################################\n##### END of PropertiesHelper File\n###################################################], [Properties, pattern, ###################################################\n##### SHAFT_Engine Pattern PropertiesHelper\n###################################################\ntestDataColumnNamePrefix=Data\nallure.link.issue.pattern=\n# Follow this link for a sample of how to use issue link [https://docs.qameta.io/allure/#_configuration]\n###################################################\n##### END of PropertiesHelper File\n###################################################], [Properties, PlatformFlags, ###################################################\n##### SHAFT_Engine: PlatformFlags.properties\n###################################################\nretryMaximumNumberOfAttempts=0\nautoMaximizeBrowserWindow=true\nforceCheckForElementVisibility=true\nforceCheckElementLocatorIsUnique=true\nforceCheckTextWasTypedCorrectly=true\nattemptClearBeforeTypingUsingBackspace=false\nforceCheckNavigationWasSuccessful=true\nclickUsingJavascriptWhenWebDriverClickFails=false\nautomaticallyAssertResponseStatusCode=true\nmaximumPerformanceMode=0\nskipTestsWithLinkedIssues=false\n###################################################\n##### END of PropertiesHelper File\n###################################################], [Properties, Reporting, ###################################################\n##### SHAFT_Engine: Reporting.properties\n###################################################\ncaptureElementName=true\ncaptureWebDriverLogs=false\nalwaysLogDiscreetly=false\ndebugMode=false\ncleanAllureResultsDirectoryBeforeExecution=true\ngenerateAllureReportArchive=false\nopenAllureReportAfterExecution=true\ngenerateExtentReports=true\ncleanExtentReportsDirectoryBeforeExecution=true\n###################################################\n##### END of PropertiesHelper File\n###################################################], [Properties, TestNG, ###################################################\n##### SHAFT_Engine: TestNG.properties\n###################################################\nsetParallel=NONE\nsetThreadCount=1\nsetVerbose=1\nsetPreserveOrder=true\nsetGroupByInstances=true\nsetDataProviderThreadCount=1\n###################################################\n##### END of PropertiesHelper File\n###################################################], [Properties, Timeouts, ###################################################\n##### SHAFT_Engine: Timeouts.properties\n###################################################\nwaitForLazyLoading=true\nlazyLoadingTimeout=30\nbrowserNavigationTimeout=60\npageLoadTimeout=30\nscriptExecutionTimeout=30\ndefaultElementIdentificationTimeout=60\napiSocketTimeout=30\napiConnectionTimeout=30\napiConnectionManagerTimeout=30\nshellSessionTimeout=30\ndockerCommandTimeout=30\ndatabaseLoginTimeout=30\ndatabaseNetworkTimeout=30\ndatabaseQueryTimeout=30\n###################################################\n##### END of PropertiesHelper File\n###################################################], [Properties, tinkey, ###### YOU ARE HIGHLY ENCOURAGED TO BACKUP YOUR TEST DATA BEFORE TRYING THIS NEW FEATURE ######\n# To encrypt/secure your test data (RECOMMENDED):\n# download the latest tinkey binary https://github.com/google/tink/blob/master/docs/TINKEY.md#install-from-prebuilt-binaries\n# extract it and run this command to create a plaintext keyset https://developers.google.com/tink/generate-plaintext-keyset#tinkey\n# This is the filename in case you are using a cloud KMS (recommended) or the absolute path in case you are using a plaintext keyset\n# leave it empty if you wish to disable the test data security feature entirely\n#tinkey.keysetFilename=C:/Users/Mohab/Downloads/tinkey-1.6.1.tar/aead_keyset.json\ntinkey.keysetFilename=\n# For UPGRADED security (HIGHLY RECOMMENDED):\n# follow this guide to generate a key https://developers.google.com/tink/create-an-external-key\n# then follow these steps to create an encrypted keyset instead of your plaintext keyset https://developers.google.com/tink/generate-encrypted-keyset\n# this is the kms type, use \"AWS\" for Amazon Web Services KMS or \"GCP\" Google Cloud Platform KMS\n# followed by credentialPath. If credentialPath is present, load the credentials from that. Otherwise use the default credentials.\n# leave them both empty if you are using a plaintext key\ntinkey.kms.serverType=\ntinkey.kms.credentialPath=\n# this is the masterKeyUri from your cloud KMS\n# leave it empty if you are using a plaintext key\n#tinkey.kms.masterKeyUri=aws-kms://arn:aws:kms:us-east-1:007084425826:key/84a65985-f868-4bfc-83c2-366618acf147\ntinkey.kms.masterKeyUri=], [Properties, VisualValidations, ###################################################\n##### SHAFT_Engine: VisualValidations.properties\n###################################################\nscreenshotParams_scalingFactor=1\nscreenshotParams_whenToTakeAScreenshot=ValidationPointsOnly\nscreenshotParams_screenshotType=FullPage\nscreenshotParams_highlightElements=true\nscreenshotParams_highlightMethod=AI\nscreenshotParams_skippedElementsFromScreenshot=\nscreenshotParams_watermark=true\nscreenshotParams_watermarkOpacity=0.2\ncreateAnimatedGif=false\nanimatedGif_frameDelay=500\nvideoParams_recordVideo=false\nvideoParams_scope=DriverSession\n###################################################\n##### END of PropertiesHelper File\n###################################################], [Properties, WebCapabilities, ###################################################\n##### SHAFT_Engine: WebCapabilities.properties\n###################################################\ntargetBrowserName=GoogleChrome\nheadlessExecution=false\nisMobileEmulation=false\nmobileEmulation.isCustomDevice=false\nmobileEmulation.deviceName=\nmobileEmulation.width=\nmobileEmulation.height=\nmobileEmulation.pixelRatio=\nmobileEmulation.userAgent=\nbaseURL=\n###################################################\n##### END of PropertiesHelper File\n###################################################]]"}],"start":1679597250096,"stop":1679597250097}],"attachments":[],"parameters":[],"start":1679597249999,"stop":1679597250097}],"afters":[{"name":"Attaching Reports","status":"passed","stage":"finished","description":"Attaching Reports","steps":[{"name":"Issue Summary: Total Issues = 1, New issues for Failed Tests = 1, Open issues for Passed Tests = 0, Open issues for Failed Tests = 0. Kindly check the attached Issue details.","status":"passed","stage":"finished","steps":[],"attachments":[{"name":"SHAFT Engine Logs - Issues log CSV: 20230323-204732","source":"9c50149a-5b35-4e07-bd5c-906726961b0a-attachment.csv","type":"text/csv"}],"parameters":[{"name":"logText","value":"Issue Summary: Total Issues = 1, New issues for Failed Tests = 1, Open issues for Passed Tests = 0, Open issues for Failed Tests = 0. Kindly check the attached Issue details."},{"name":"attachments","value":"[[SHAFT Engine Logs, Issues log CSV: 20230323-204732, java.io.ByteArrayInputStream@13e12ab6]]"}],"start":1679597252192,"stop":1679597252194}],"attachments":[{"name":"SHAFT Engine Logs - Execution log: 20230323-204730","source":"9ecb85d6-fc7b-463f-8550-be3f60065c25-attachment.txt","type":"text/plain"},{"name":"HTML - Extent Emailable Execution Report","source":"b1f4899f-24fc-4a3c-ab9b-e50d2e0cc88e-attachment.html","type":"text/html"},{"name":"HTML - Checkpoints Report","source":"786ddaad-86fe-4983-9bcd-80cdb7e5dab6-attachment.html","type":"text/html"}],"parameters":[],"start":1679597250343,"stop":1679597252194}],"start":1679597228192,"stop":1679597252196}